SF:G:\rustDev\anime-calendar\anilist\src\client.rs
FN:59,_RINvMNtCsisdq3kjCNxn_7anilist6clientNtB3_6Client7executepEB5_
FN:63,_RNCINvMNtCsisdq3kjCNxn_7anilist6clientNtB5_6Client7executepE0B7_
FN:83,_RNCNCINvMNtCsisdq3kjCNxn_7anilist6clientNtB7_6Client7executepE00B9_
FN:114,_RNCNCINvMNtCsisdq3kjCNxn_7anilist6clientNtB7_6Client7executepE0s0_0B9_
FN:115,_RNCNCINvMNtCsisdq3kjCNxn_7anilist6clientNtB7_6Client7executepE0s1_0B9_
FN:84,_RNCNCINvMNtCsisdq3kjCNxn_7anilist6clientNtB7_6Client7executepE0s_0B9_
FN:162,_RNCNvMNtCsisdq3kjCNxn_7anilist6clientNtB4_6Client12search_items0B6_
FN:174,_RNCNvMNtCsisdq3kjCNxn_7anilist6clientNtB4_6Client20search_items_by_type0B6_
FN:125,_RNCNvMNtCsisdq3kjCNxn_7anilist6clientNtB4_6Client8get_item0B6_
FN:138,_RNCNvMNtCsisdq3kjCNxn_7anilist6clientNtB4_6Client9get_items0B6_
FN:162,_RNvMNtCsisdq3kjCNxn_7anilist6clientNtB2_6Client12search_items
FN:170,_RNvMNtCsisdq3kjCNxn_7anilist6clientNtB2_6Client20search_items_by_type
FN:37,_RNvMNtCsisdq3kjCNxn_7anilist6clientNtB2_6Client3new
FN:125,_RNvMNtCsisdq3kjCNxn_7anilist6clientNtB2_6Client8get_item
FN:138,_RNvMNtCsisdq3kjCNxn_7anilist6clientNtB2_6Client9get_items
FN:182,_RNvXs_NtCsisdq3kjCNxn_7anilist6clientNtB4_6ClientNtNtCs8icZUrvfcq9_4core7default7Default7default
FN:59,_RINvMNtCs4UleOyWhosd_7anilist6clientNtB3_6Client7executeNtNtNtB5_5query12search_items11SearchItemsECsjmL1xzJoyai_6server
FN:59,_RINvMNtCs4UleOyWhosd_7anilist6clientNtB3_6Client7executeNtNtNtB5_5query20search_items_by_type17SearchItemsByTypeECsjmL1xzJoyai_6server
FN:59,_RINvMNtCs4UleOyWhosd_7anilist6clientNtB3_6Client7executeNtNtNtB5_5query9get_items8GetItemsECsjmL1xzJoyai_6server
FN:63,_RNCINvMNtCs4UleOyWhosd_7anilist6clientNtB5_6Client7executeNtNtNtB7_5query12search_items11SearchItemsE0CsjmL1xzJoyai_6server
FN:63,_RNCINvMNtCs4UleOyWhosd_7anilist6clientNtB5_6Client7executeNtNtNtB7_5query20search_items_by_type17SearchItemsByTypeE0CsjmL1xzJoyai_6server
FN:63,_RNCINvMNtCs4UleOyWhosd_7anilist6clientNtB5_6Client7executeNtNtNtB7_5query9get_items8GetItemsE0CsjmL1xzJoyai_6server
FN:83,_RNCNCINvMNtCs4UleOyWhosd_7anilist6clientNtB7_6Client7executeNtNtNtB9_5query12search_items11SearchItemsE00CsjmL1xzJoyai_6server
FN:114,_RNCNCINvMNtCs4UleOyWhosd_7anilist6clientNtB7_6Client7executeNtNtNtB9_5query12search_items11SearchItemsE0s0_0CsjmL1xzJoyai_6server
FN:115,_RNCNCINvMNtCs4UleOyWhosd_7anilist6clientNtB7_6Client7executeNtNtNtB9_5query12search_items11SearchItemsE0s1_0CsjmL1xzJoyai_6server
FN:84,_RNCNCINvMNtCs4UleOyWhosd_7anilist6clientNtB7_6Client7executeNtNtNtB9_5query12search_items11SearchItemsE0s_0CsjmL1xzJoyai_6server
FN:83,_RNCNCINvMNtCs4UleOyWhosd_7anilist6clientNtB7_6Client7executeNtNtNtB9_5query20search_items_by_type17SearchItemsByTypeE00CsjmL1xzJoyai_6server
FN:114,_RNCNCINvMNtCs4UleOyWhosd_7anilist6clientNtB7_6Client7executeNtNtNtB9_5query20search_items_by_type17SearchItemsByTypeE0s0_0CsjmL1xzJoyai_6server
FN:115,_RNCNCINvMNtCs4UleOyWhosd_7anilist6clientNtB7_6Client7executeNtNtNtB9_5query20search_items_by_type17SearchItemsByTypeE0s1_0CsjmL1xzJoyai_6server
FN:84,_RNCNCINvMNtCs4UleOyWhosd_7anilist6clientNtB7_6Client7executeNtNtNtB9_5query20search_items_by_type17SearchItemsByTypeE0s_0CsjmL1xzJoyai_6server
FN:83,_RNCNCINvMNtCs4UleOyWhosd_7anilist6clientNtB7_6Client7executeNtNtNtB9_5query9get_items8GetItemsE00CsjmL1xzJoyai_6server
FN:114,_RNCNCINvMNtCs4UleOyWhosd_7anilist6clientNtB7_6Client7executeNtNtNtB9_5query9get_items8GetItemsE0s0_0CsjmL1xzJoyai_6server
FN:115,_RNCNCINvMNtCs4UleOyWhosd_7anilist6clientNtB7_6Client7executeNtNtNtB9_5query9get_items8GetItemsE0s1_0CsjmL1xzJoyai_6server
FN:84,_RNCNCINvMNtCs4UleOyWhosd_7anilist6clientNtB7_6Client7executeNtNtNtB9_5query9get_items8GetItemsE0s_0CsjmL1xzJoyai_6server
FN:162,_RNCNvMNtCs4UleOyWhosd_7anilist6clientNtB4_6Client12search_items0CsjmL1xzJoyai_6server
FN:174,_RNCNvMNtCs4UleOyWhosd_7anilist6clientNtB4_6Client20search_items_by_type0CsjmL1xzJoyai_6server
FN:125,_RNCNvMNtCs4UleOyWhosd_7anilist6clientNtB4_6Client8get_item0CsjmL1xzJoyai_6server
FN:138,_RNCNvMNtCs4UleOyWhosd_7anilist6clientNtB4_6Client9get_items0CsjmL1xzJoyai_6server
FN:59,_RINvMNtCs4UleOyWhosd_7anilist6clientNtB3_6Client7executepEB5_
FN:63,_RNCINvMNtCs4UleOyWhosd_7anilist6clientNtB5_6Client7executepE0B7_
FN:83,_RNCNCINvMNtCs4UleOyWhosd_7anilist6clientNtB7_6Client7executepE00B9_
FN:114,_RNCNCINvMNtCs4UleOyWhosd_7anilist6clientNtB7_6Client7executepE0s0_0B9_
FN:115,_RNCNCINvMNtCs4UleOyWhosd_7anilist6clientNtB7_6Client7executepE0s1_0B9_
FN:84,_RNCNCINvMNtCs4UleOyWhosd_7anilist6clientNtB7_6Client7executepE0s_0B9_
FN:162,_RNCNvMNtCs4UleOyWhosd_7anilist6clientNtB4_6Client12search_items0B6_
FN:174,_RNCNvMNtCs4UleOyWhosd_7anilist6clientNtB4_6Client20search_items_by_type0B6_
FN:125,_RNCNvMNtCs4UleOyWhosd_7anilist6clientNtB4_6Client8get_item0B6_
FN:138,_RNCNvMNtCs4UleOyWhosd_7anilist6clientNtB4_6Client9get_items0B6_
FN:162,_RNvMNtCs4UleOyWhosd_7anilist6clientNtB2_6Client12search_items
FN:170,_RNvMNtCs4UleOyWhosd_7anilist6clientNtB2_6Client20search_items_by_type
FN:37,_RNvMNtCs4UleOyWhosd_7anilist6clientNtB2_6Client3new
FN:125,_RNvMNtCs4UleOyWhosd_7anilist6clientNtB2_6Client8get_item
FN:138,_RNvMNtCs4UleOyWhosd_7anilist6clientNtB2_6Client9get_items
FN:182,_RNvXs_NtCs4UleOyWhosd_7anilist6clientNtB4_6ClientNtNtCs8icZUrvfcq9_4core7default7Default7default
FN:59,_RINvMNtCs4UleOyWhosd_7anilist6clientNtB3_6Client7executeNtNtNtB5_5query9get_items8GetItemsECs8RMytf1CWGY_6server
FN:63,_RNCINvMNtCs4UleOyWhosd_7anilist6clientNtB5_6Client7executeNtNtNtB7_5query9get_items8GetItemsE0Cs8RMytf1CWGY_6server
FN:83,_RNCNCINvMNtCs4UleOyWhosd_7anilist6clientNtB7_6Client7executeNtNtNtB9_5query9get_items8GetItemsE00Cs8RMytf1CWGY_6server
FN:114,_RNCNCINvMNtCs4UleOyWhosd_7anilist6clientNtB7_6Client7executeNtNtNtB9_5query9get_items8GetItemsE0s0_0Cs8RMytf1CWGY_6server
FN:115,_RNCNCINvMNtCs4UleOyWhosd_7anilist6clientNtB7_6Client7executeNtNtNtB9_5query9get_items8GetItemsE0s1_0Cs8RMytf1CWGY_6server
FN:84,_RNCNCINvMNtCs4UleOyWhosd_7anilist6clientNtB7_6Client7executeNtNtNtB9_5query9get_items8GetItemsE0s_0Cs8RMytf1CWGY_6server
FN:138,_RNCNvMNtCs4UleOyWhosd_7anilist6clientNtB4_6Client9get_items0Cs8RMytf1CWGY_6server
FNDA:0,_RINvMNtCsisdq3kjCNxn_7anilist6clientNtB3_6Client7executepEB5_
FNDA:0,_RNCINvMNtCsisdq3kjCNxn_7anilist6clientNtB5_6Client7executepE0B7_
FNDA:0,_RNCNCINvMNtCsisdq3kjCNxn_7anilist6clientNtB7_6Client7executepE00B9_
FNDA:0,_RNCNCINvMNtCsisdq3kjCNxn_7anilist6clientNtB7_6Client7executepE0s0_0B9_
FNDA:0,_RNCNCINvMNtCsisdq3kjCNxn_7anilist6clientNtB7_6Client7executepE0s1_0B9_
FNDA:0,_RNCNCINvMNtCsisdq3kjCNxn_7anilist6clientNtB7_6Client7executepE0s_0B9_
FNDA:0,_RNCNvMNtCsisdq3kjCNxn_7anilist6clientNtB4_6Client12search_items0B6_
FNDA:0,_RNCNvMNtCsisdq3kjCNxn_7anilist6clientNtB4_6Client20search_items_by_type0B6_
FNDA:0,_RNCNvMNtCsisdq3kjCNxn_7anilist6clientNtB4_6Client8get_item0B6_
FNDA:0,_RNCNvMNtCsisdq3kjCNxn_7anilist6clientNtB4_6Client9get_items0B6_
FNDA:0,_RNvMNtCsisdq3kjCNxn_7anilist6clientNtB2_6Client12search_items
FNDA:0,_RNvMNtCsisdq3kjCNxn_7anilist6clientNtB2_6Client20search_items_by_type
FNDA:0,_RNvMNtCsisdq3kjCNxn_7anilist6clientNtB2_6Client3new
FNDA:0,_RNvMNtCsisdq3kjCNxn_7anilist6clientNtB2_6Client8get_item
FNDA:0,_RNvMNtCsisdq3kjCNxn_7anilist6clientNtB2_6Client9get_items
FNDA:0,_RNvXs_NtCsisdq3kjCNxn_7anilist6clientNtB4_6ClientNtNtCs8icZUrvfcq9_4core7default7Default7default
FNDA:0,_RINvMNtCs4UleOyWhosd_7anilist6clientNtB3_6Client7executeNtNtNtB5_5query12search_items11SearchItemsECsjmL1xzJoyai_6server
FNDA:0,_RINvMNtCs4UleOyWhosd_7anilist6clientNtB3_6Client7executeNtNtNtB5_5query20search_items_by_type17SearchItemsByTypeECsjmL1xzJoyai_6server
FNDA:0,_RINvMNtCs4UleOyWhosd_7anilist6clientNtB3_6Client7executeNtNtNtB5_5query9get_items8GetItemsECsjmL1xzJoyai_6server
FNDA:0,_RNCINvMNtCs4UleOyWhosd_7anilist6clientNtB5_6Client7executeNtNtNtB7_5query12search_items11SearchItemsE0CsjmL1xzJoyai_6server
FNDA:0,_RNCINvMNtCs4UleOyWhosd_7anilist6clientNtB5_6Client7executeNtNtNtB7_5query20search_items_by_type17SearchItemsByTypeE0CsjmL1xzJoyai_6server
FNDA:0,_RNCINvMNtCs4UleOyWhosd_7anilist6clientNtB5_6Client7executeNtNtNtB7_5query9get_items8GetItemsE0CsjmL1xzJoyai_6server
FNDA:0,_RNCNCINvMNtCs4UleOyWhosd_7anilist6clientNtB7_6Client7executeNtNtNtB9_5query12search_items11SearchItemsE00CsjmL1xzJoyai_6server
FNDA:0,_RNCNCINvMNtCs4UleOyWhosd_7anilist6clientNtB7_6Client7executeNtNtNtB9_5query12search_items11SearchItemsE0s0_0CsjmL1xzJoyai_6server
FNDA:0,_RNCNCINvMNtCs4UleOyWhosd_7anilist6clientNtB7_6Client7executeNtNtNtB9_5query12search_items11SearchItemsE0s1_0CsjmL1xzJoyai_6server
FNDA:0,_RNCNCINvMNtCs4UleOyWhosd_7anilist6clientNtB7_6Client7executeNtNtNtB9_5query12search_items11SearchItemsE0s_0CsjmL1xzJoyai_6server
FNDA:0,_RNCNCINvMNtCs4UleOyWhosd_7anilist6clientNtB7_6Client7executeNtNtNtB9_5query20search_items_by_type17SearchItemsByTypeE00CsjmL1xzJoyai_6server
FNDA:0,_RNCNCINvMNtCs4UleOyWhosd_7anilist6clientNtB7_6Client7executeNtNtNtB9_5query20search_items_by_type17SearchItemsByTypeE0s0_0CsjmL1xzJoyai_6server
FNDA:0,_RNCNCINvMNtCs4UleOyWhosd_7anilist6clientNtB7_6Client7executeNtNtNtB9_5query20search_items_by_type17SearchItemsByTypeE0s1_0CsjmL1xzJoyai_6server
FNDA:0,_RNCNCINvMNtCs4UleOyWhosd_7anilist6clientNtB7_6Client7executeNtNtNtB9_5query20search_items_by_type17SearchItemsByTypeE0s_0CsjmL1xzJoyai_6server
FNDA:0,_RNCNCINvMNtCs4UleOyWhosd_7anilist6clientNtB7_6Client7executeNtNtNtB9_5query9get_items8GetItemsE00CsjmL1xzJoyai_6server
FNDA:0,_RNCNCINvMNtCs4UleOyWhosd_7anilist6clientNtB7_6Client7executeNtNtNtB9_5query9get_items8GetItemsE0s0_0CsjmL1xzJoyai_6server
FNDA:0,_RNCNCINvMNtCs4UleOyWhosd_7anilist6clientNtB7_6Client7executeNtNtNtB9_5query9get_items8GetItemsE0s1_0CsjmL1xzJoyai_6server
FNDA:0,_RNCNCINvMNtCs4UleOyWhosd_7anilist6clientNtB7_6Client7executeNtNtNtB9_5query9get_items8GetItemsE0s_0CsjmL1xzJoyai_6server
FNDA:0,_RNCNvMNtCs4UleOyWhosd_7anilist6clientNtB4_6Client12search_items0CsjmL1xzJoyai_6server
FNDA:0,_RNCNvMNtCs4UleOyWhosd_7anilist6clientNtB4_6Client20search_items_by_type0CsjmL1xzJoyai_6server
FNDA:0,_RNCNvMNtCs4UleOyWhosd_7anilist6clientNtB4_6Client8get_item0CsjmL1xzJoyai_6server
FNDA:0,_RNCNvMNtCs4UleOyWhosd_7anilist6clientNtB4_6Client9get_items0CsjmL1xzJoyai_6server
FNDA:0,_RINvMNtCs4UleOyWhosd_7anilist6clientNtB3_6Client7executepEB5_
FNDA:0,_RNCINvMNtCs4UleOyWhosd_7anilist6clientNtB5_6Client7executepE0B7_
FNDA:0,_RNCNCINvMNtCs4UleOyWhosd_7anilist6clientNtB7_6Client7executepE00B9_
FNDA:0,_RNCNCINvMNtCs4UleOyWhosd_7anilist6clientNtB7_6Client7executepE0s0_0B9_
FNDA:0,_RNCNCINvMNtCs4UleOyWhosd_7anilist6clientNtB7_6Client7executepE0s1_0B9_
FNDA:0,_RNCNCINvMNtCs4UleOyWhosd_7anilist6clientNtB7_6Client7executepE0s_0B9_
FNDA:0,_RNCNvMNtCs4UleOyWhosd_7anilist6clientNtB4_6Client12search_items0B6_
FNDA:0,_RNCNvMNtCs4UleOyWhosd_7anilist6clientNtB4_6Client20search_items_by_type0B6_
FNDA:0,_RNCNvMNtCs4UleOyWhosd_7anilist6clientNtB4_6Client8get_item0B6_
FNDA:0,_RNCNvMNtCs4UleOyWhosd_7anilist6clientNtB4_6Client9get_items0B6_
FNDA:0,_RNvMNtCs4UleOyWhosd_7anilist6clientNtB2_6Client12search_items
FNDA:0,_RNvMNtCs4UleOyWhosd_7anilist6clientNtB2_6Client20search_items_by_type
FNDA:37,_RNvMNtCs4UleOyWhosd_7anilist6clientNtB2_6Client3new
FNDA:0,_RNvMNtCs4UleOyWhosd_7anilist6clientNtB2_6Client8get_item
FNDA:1,_RNvMNtCs4UleOyWhosd_7anilist6clientNtB2_6Client9get_items
FNDA:0,_RNvXs_NtCs4UleOyWhosd_7anilist6clientNtB4_6ClientNtNtCs8icZUrvfcq9_4core7default7Default7default
FNDA:1,_RINvMNtCs4UleOyWhosd_7anilist6clientNtB3_6Client7executeNtNtNtB5_5query9get_items8GetItemsECs8RMytf1CWGY_6server
FNDA:1,_RNCINvMNtCs4UleOyWhosd_7anilist6clientNtB5_6Client7executeNtNtNtB7_5query9get_items8GetItemsE0Cs8RMytf1CWGY_6server
FNDA:0,_RNCNCINvMNtCs4UleOyWhosd_7anilist6clientNtB7_6Client7executeNtNtNtB9_5query9get_items8GetItemsE00Cs8RMytf1CWGY_6server
FNDA:0,_RNCNCINvMNtCs4UleOyWhosd_7anilist6clientNtB7_6Client7executeNtNtNtB9_5query9get_items8GetItemsE0s0_0Cs8RMytf1CWGY_6server
FNDA:1,_RNCNCINvMNtCs4UleOyWhosd_7anilist6clientNtB7_6Client7executeNtNtNtB9_5query9get_items8GetItemsE0s1_0Cs8RMytf1CWGY_6server
FNDA:0,_RNCNCINvMNtCs4UleOyWhosd_7anilist6clientNtB7_6Client7executeNtNtNtB9_5query9get_items8GetItemsE0s_0Cs8RMytf1CWGY_6server
FNDA:1,_RNCNvMNtCs4UleOyWhosd_7anilist6clientNtB4_6Client9get_items0Cs8RMytf1CWGY_6server
FNF:16
FNH:6
DA:37,37
DA:38,37
DA:39,37
DA:40,37
DA:41,37
DA:42,37
DA:43,37
DA:44,37
DA:59,1
DA:60,1
DA:61,1
DA:62,1
DA:63,1
DA:64,1
DA:65,1
DA:67,1
DA:69,1
DA:70,1
DA:71,1
DA:72,1
DA:73,1
DA:74,1
DA:75,1
DA:76,1
DA:78,1
DA:79,1
DA:80,0
DA:81,0
DA:82,0
DA:83,0
DA:84,0
DA:85,0
DA:86,0
DA:87,0
DA:89,0
DA:90,0
DA:91,0
DA:92,0
DA:93,0
DA:94,0
DA:95,0
DA:96,0
DA:97,0
DA:98,1
DA:99,1
DA:100,0
DA:101,0
DA:102,1
DA:104,1
DA:106,1
DA:107,0
DA:109,0
DA:110,0
DA:111,1
DA:113,1
DA:114,0
DA:115,1
DA:116,1
DA:117,1
DA:118,1
DA:121,1
DA:125,0
DA:126,0
DA:127,0
DA:128,0
DA:129,0
DA:138,1
DA:139,1
DA:141,1
DA:142,1
DA:143,1
DA:144,1
DA:145,1
DA:146,1
DA:147,1
DA:148,1
DA:149,1
DA:150,1
DA:153,1
DA:154,1
DA:155,1
DA:156,1
DA:157,1
DA:158,1
DA:162,0
DA:163,0
DA:164,0
DA:165,0
DA:166,0
DA:170,0
DA:171,0
DA:172,0
DA:173,0
DA:174,0
DA:175,0
DA:176,0
DA:177,0
DA:178,0
DA:182,0
DA:183,0
DA:184,0
BRF:0
BRH:0
LF:107
LH:57
end_of_record
SF:G:\rustDev\anime-calendar\anilist\src\lib.rs
FN:450,_RNCNCNvXsj_Csisdq3kjCNxn_7anilistNtNtNtNtB9_5query9get_items9get_items17GetItemsPageMediaNtB9_10MediaTrait15airing_schedule00B9_
FN:524,_RNCNCNvXsk_Csisdq3kjCNxn_7anilistNtNtNtNtB9_5query12search_items12search_items20SearchItemsPageMediaNtB9_10MediaTrait15airing_schedule00B9_
FN:598,_RNCNCNvXsl_Csisdq3kjCNxn_7anilistNtNtNtNtB9_5query20search_items_by_type20search_items_by_type26SearchItemsByTypePageMediaNtB9_10MediaTrait15airing_schedule00B9_
FN:472,_RNCNvXsj_Csisdq3kjCNxn_7anilistNtNtNtNtB7_5query9get_items9get_items17GetItemsPageMediaNtB7_10MediaTrait10media_type0B7_
FN:447,_RNCNvXsj_Csisdq3kjCNxn_7anilistNtNtNtNtB7_5query9get_items9get_items17GetItemsPageMediaNtB7_10MediaTrait15airing_schedule0B7_
FN:497,_RNCNvXsj_Csisdq3kjCNxn_7anilistNtNtNtNtB7_5query9get_items9get_items17GetItemsPageMediaNtB7_10MediaTrait15recommendations0B7_
FN:546,_RNCNvXsk_Csisdq3kjCNxn_7anilistNtNtNtNtB7_5query12search_items12search_items20SearchItemsPageMediaNtB7_10MediaTrait10media_type0B7_
FN:521,_RNCNvXsk_Csisdq3kjCNxn_7anilistNtNtNtNtB7_5query12search_items12search_items20SearchItemsPageMediaNtB7_10MediaTrait15airing_schedule0B7_
FN:571,_RNCNvXsk_Csisdq3kjCNxn_7anilistNtNtNtNtB7_5query12search_items12search_items20SearchItemsPageMediaNtB7_10MediaTrait15recommendations0B7_
FN:620,_RNCNvXsl_Csisdq3kjCNxn_7anilistNtNtNtNtB7_5query20search_items_by_type20search_items_by_type26SearchItemsByTypePageMediaNtB7_10MediaTrait10media_type0B7_
FN:595,_RNCNvXsl_Csisdq3kjCNxn_7anilistNtNtNtNtB7_5query20search_items_by_type20search_items_by_type26SearchItemsByTypePageMediaNtB7_10MediaTrait15airing_schedule0B7_
FN:645,_RNCNvXsl_Csisdq3kjCNxn_7anilistNtNtNtNtB7_5query20search_items_by_type20search_items_by_type26SearchItemsByTypePageMediaNtB7_10MediaTrait15recommendations0B7_
FN:29,_RNvXCsisdq3kjCNxn_7anilistNtNtNtNtB2_5query9get_items9get_items36GetItemsPageMediaAiringScheduleNodesNtB2_19AiringScheduleTrait2id
FN:37,_RNvXCsisdq3kjCNxn_7anilistNtNtNtNtB2_5query9get_items9get_items36GetItemsPageMediaAiringScheduleNodesNtB2_19AiringScheduleTrait7episode
FN:33,_RNvXCsisdq3kjCNxn_7anilistNtNtNtNtB2_5query9get_items9get_items36GetItemsPageMediaAiringScheduleNodesNtB2_19AiringScheduleTrait9airing_at
FN:61,_RNvXs0_Csisdq3kjCNxn_7anilistNtNtNtNtB5_5query20search_items_by_type20search_items_by_type45SearchItemsByTypePageMediaAiringScheduleNodesNtB5_19AiringScheduleTrait2id
FN:69,_RNvXs0_Csisdq3kjCNxn_7anilistNtNtNtNtB5_5query20search_items_by_type20search_items_by_type45SearchItemsByTypePageMediaAiringScheduleNodesNtB5_19AiringScheduleTrait7episode
FN:65,_RNvXs0_Csisdq3kjCNxn_7anilistNtNtNtNtB5_5query20search_items_by_type20search_items_by_type45SearchItemsByTypePageMediaAiringScheduleNodesNtB5_19AiringScheduleTrait9airing_at
FN:87,_RNvXs1_Csisdq3kjCNxn_7anilistNtNtNtNtB5_5query9get_items9get_items22GetItemsPageMediaTitleNtB5_10TitleTrait6native
FN:91,_RNvXs1_Csisdq3kjCNxn_7anilistNtNtNtNtB5_5query9get_items9get_items22GetItemsPageMediaTitleNtB5_10TitleTrait6romaji
FN:83,_RNvXs1_Csisdq3kjCNxn_7anilistNtNtNtNtB5_5query9get_items9get_items22GetItemsPageMediaTitleNtB5_10TitleTrait7english
FN:101,_RNvXs2_Csisdq3kjCNxn_7anilistNtNtNtNtB5_5query9get_items9get_items65GetItemsPageMediaRecommendationsEdgesNodeMediaRecommendationTitleNtB5_10TitleTrait6native
FN:105,_RNvXs2_Csisdq3kjCNxn_7anilistNtNtNtNtB5_5query9get_items9get_items65GetItemsPageMediaRecommendationsEdgesNodeMediaRecommendationTitleNtB5_10TitleTrait6romaji
FN:97,_RNvXs2_Csisdq3kjCNxn_7anilistNtNtNtNtB5_5query9get_items9get_items65GetItemsPageMediaRecommendationsEdgesNodeMediaRecommendationTitleNtB5_10TitleTrait7english
FN:115,_RNvXs3_Csisdq3kjCNxn_7anilistNtNtNtNtB5_5query12search_items12search_items25SearchItemsPageMediaTitleNtB5_10TitleTrait6native
FN:119,_RNvXs3_Csisdq3kjCNxn_7anilistNtNtNtNtB5_5query12search_items12search_items25SearchItemsPageMediaTitleNtB5_10TitleTrait6romaji
FN:111,_RNvXs3_Csisdq3kjCNxn_7anilistNtNtNtNtB5_5query12search_items12search_items25SearchItemsPageMediaTitleNtB5_10TitleTrait7english
FN:129,_RNvXs4_Csisdq3kjCNxn_7anilistNtNtNtNtB5_5query12search_items12search_items68SearchItemsPageMediaRecommendationsEdgesNodeMediaRecommendationTitleNtB5_10TitleTrait6native
FN:133,_RNvXs4_Csisdq3kjCNxn_7anilistNtNtNtNtB5_5query12search_items12search_items68SearchItemsPageMediaRecommendationsEdgesNodeMediaRecommendationTitleNtB5_10TitleTrait6romaji
FN:125,_RNvXs4_Csisdq3kjCNxn_7anilistNtNtNtNtB5_5query12search_items12search_items68SearchItemsPageMediaRecommendationsEdgesNodeMediaRecommendationTitleNtB5_10TitleTrait7english
FN:145,_RNvXs5_Csisdq3kjCNxn_7anilistNtNtNtNtB5_5query20search_items_by_type20search_items_by_type31SearchItemsByTypePageMediaTitleNtB5_10TitleTrait6native
FN:149,_RNvXs5_Csisdq3kjCNxn_7anilistNtNtNtNtB5_5query20search_items_by_type20search_items_by_type31SearchItemsByTypePageMediaTitleNtB5_10TitleTrait6romaji
FN:141,_RNvXs5_Csisdq3kjCNxn_7anilistNtNtNtNtB5_5query20search_items_by_type20search_items_by_type31SearchItemsByTypePageMediaTitleNtB5_10TitleTrait7english
FN:159,_RNvXs6_Csisdq3kjCNxn_7anilistNtNtNtNtB5_5query20search_items_by_type20search_items_by_type74SearchItemsByTypePageMediaRecommendationsEdgesNodeMediaRecommendationTitleNtB5_10TitleTrait6native
FN:163,_RNvXs6_Csisdq3kjCNxn_7anilistNtNtNtNtB5_5query20search_items_by_type20search_items_by_type74SearchItemsByTypePageMediaRecommendationsEdgesNodeMediaRecommendationTitleNtB5_10TitleTrait6romaji
FN:155,_RNvXs6_Csisdq3kjCNxn_7anilistNtNtNtNtB5_5query20search_items_by_type20search_items_by_type74SearchItemsByTypePageMediaRecommendationsEdgesNodeMediaRecommendationTitleNtB5_10TitleTrait7english
FN:179,_RNvXs7_Csisdq3kjCNxn_7anilistNtNtNtNtB5_5query9get_items9get_items27GetItemsPageMediaCoverImageNtB5_15CoverImageTrait11extra_large
FN:191,_RNvXs7_Csisdq3kjCNxn_7anilistNtNtNtNtB5_5query9get_items9get_items27GetItemsPageMediaCoverImageNtB5_15CoverImageTrait5color
FN:183,_RNvXs7_Csisdq3kjCNxn_7anilistNtNtNtNtB5_5query9get_items9get_items27GetItemsPageMediaCoverImageNtB5_15CoverImageTrait5large
FN:187,_RNvXs7_Csisdq3kjCNxn_7anilistNtNtNtNtB5_5query9get_items9get_items27GetItemsPageMediaCoverImageNtB5_15CoverImageTrait6medium
FN:197,_RNvXs8_Csisdq3kjCNxn_7anilistNtNtNtNtB5_5query9get_items9get_items70GetItemsPageMediaRecommendationsEdgesNodeMediaRecommendationCoverImageNtB5_15CoverImageTrait11extra_large
FN:209,_RNvXs8_Csisdq3kjCNxn_7anilistNtNtNtNtB5_5query9get_items9get_items70GetItemsPageMediaRecommendationsEdgesNodeMediaRecommendationCoverImageNtB5_15CoverImageTrait5color
FN:201,_RNvXs8_Csisdq3kjCNxn_7anilistNtNtNtNtB5_5query9get_items9get_items70GetItemsPageMediaRecommendationsEdgesNodeMediaRecommendationCoverImageNtB5_15CoverImageTrait5large
FN:205,_RNvXs8_Csisdq3kjCNxn_7anilistNtNtNtNtB5_5query9get_items9get_items70GetItemsPageMediaRecommendationsEdgesNodeMediaRecommendationCoverImageNtB5_15CoverImageTrait6medium
FN:215,_RNvXs9_Csisdq3kjCNxn_7anilistNtNtNtNtB5_5query12search_items12search_items30SearchItemsPageMediaCoverImageNtB5_15CoverImageTrait11extra_large
FN:227,_RNvXs9_Csisdq3kjCNxn_7anilistNtNtNtNtB5_5query12search_items12search_items30SearchItemsPageMediaCoverImageNtB5_15CoverImageTrait5color
FN:219,_RNvXs9_Csisdq3kjCNxn_7anilistNtNtNtNtB5_5query12search_items12search_items30SearchItemsPageMediaCoverImageNtB5_15CoverImageTrait5large
FN:223,_RNvXs9_Csisdq3kjCNxn_7anilistNtNtNtNtB5_5query12search_items12search_items30SearchItemsPageMediaCoverImageNtB5_15CoverImageTrait6medium
FN:45,_RNvXs_Csisdq3kjCNxn_7anilistNtNtNtNtB4_5query12search_items12search_items39SearchItemsPageMediaAiringScheduleNodesNtB4_19AiringScheduleTrait2id
FN:53,_RNvXs_Csisdq3kjCNxn_7anilistNtNtNtNtB4_5query12search_items12search_items39SearchItemsPageMediaAiringScheduleNodesNtB4_19AiringScheduleTrait7episode
FN:49,_RNvXs_Csisdq3kjCNxn_7anilistNtNtNtNtB4_5query12search_items12search_items39SearchItemsPageMediaAiringScheduleNodesNtB4_19AiringScheduleTrait9airing_at
FN:233,_RNvXsa_Csisdq3kjCNxn_7anilistNtNtNtNtB5_5query12search_items12search_items73SearchItemsPageMediaRecommendationsEdgesNodeMediaRecommendationCoverImageNtB5_15CoverImageTrait11extra_large
FN:245,_RNvXsa_Csisdq3kjCNxn_7anilistNtNtNtNtB5_5query12search_items12search_items73SearchItemsPageMediaRecommendationsEdgesNodeMediaRecommendationCoverImageNtB5_15CoverImageTrait5color
FN:237,_RNvXsa_Csisdq3kjCNxn_7anilistNtNtNtNtB5_5query12search_items12search_items73SearchItemsPageMediaRecommendationsEdgesNodeMediaRecommendationCoverImageNtB5_15CoverImageTrait5large
FN:241,_RNvXsa_Csisdq3kjCNxn_7anilistNtNtNtNtB5_5query12search_items12search_items73SearchItemsPageMediaRecommendationsEdgesNodeMediaRecommendationCoverImageNtB5_15CoverImageTrait6medium
FN:253,_RNvXsb_Csisdq3kjCNxn_7anilistNtNtNtNtB5_5query20search_items_by_type20search_items_by_type36SearchItemsByTypePageMediaCoverImageNtB5_15CoverImageTrait11extra_large
FN:265,_RNvXsb_Csisdq3kjCNxn_7anilistNtNtNtNtB5_5query20search_items_by_type20search_items_by_type36SearchItemsByTypePageMediaCoverImageNtB5_15CoverImageTrait5color
FN:257,_RNvXsb_Csisdq3kjCNxn_7anilistNtNtNtNtB5_5query20search_items_by_type20search_items_by_type36SearchItemsByTypePageMediaCoverImageNtB5_15CoverImageTrait5large
FN:261,_RNvXsb_Csisdq3kjCNxn_7anilistNtNtNtNtB5_5query20search_items_by_type20search_items_by_type36SearchItemsByTypePageMediaCoverImageNtB5_15CoverImageTrait6medium
FN:271,_RNvXsc_Csisdq3kjCNxn_7anilistNtNtNtNtB5_5query20search_items_by_type20search_items_by_type79SearchItemsByTypePageMediaRecommendationsEdgesNodeMediaRecommendationCoverImageNtB5_15CoverImageTrait11extra_large
FN:283,_RNvXsc_Csisdq3kjCNxn_7anilistNtNtNtNtB5_5query20search_items_by_type20search_items_by_type79SearchItemsByTypePageMediaRecommendationsEdgesNodeMediaRecommendationCoverImageNtB5_15CoverImageTrait5color
FN:275,_RNvXsc_Csisdq3kjCNxn_7anilistNtNtNtNtB5_5query20search_items_by_type20search_items_by_type79SearchItemsByTypePageMediaRecommendationsEdgesNodeMediaRecommendationCoverImageNtB5_15CoverImageTrait5large
FN:279,_RNvXsc_Csisdq3kjCNxn_7anilistNtNtNtNtB5_5query20search_items_by_type20search_items_by_type79SearchItemsByTypePageMediaRecommendationsEdgesNodeMediaRecommendationCoverImageNtB5_15CoverImageTrait6medium
FN:313,_RNvXsd_Csisdq3kjCNxn_7anilistNtNtNtNtB5_5query9get_items9get_items60GetItemsPageMediaRecommendationsEdgesNodeMediaRecommendationNtB5_24RecommendationMediaTrait11cover_image
FN:301,_RNvXsd_Csisdq3kjCNxn_7anilistNtNtNtNtB5_5query9get_items9get_items60GetItemsPageMediaRecommendationsEdgesNodeMediaRecommendationNtB5_24RecommendationMediaTrait2id
FN:309,_RNvXsd_Csisdq3kjCNxn_7anilistNtNtNtNtB5_5query9get_items9get_items60GetItemsPageMediaRecommendationsEdgesNodeMediaRecommendationNtB5_24RecommendationMediaTrait5title
FN:305,_RNvXsd_Csisdq3kjCNxn_7anilistNtNtNtNtB5_5query9get_items9get_items60GetItemsPageMediaRecommendationsEdgesNodeMediaRecommendationNtB5_24RecommendationMediaTrait6id_mal
FN:333,_RNvXse_Csisdq3kjCNxn_7anilistNtNtNtNtB5_5query12search_items12search_items63SearchItemsPageMediaRecommendationsEdgesNodeMediaRecommendationNtB5_24RecommendationMediaTrait11cover_image
FN:321,_RNvXse_Csisdq3kjCNxn_7anilistNtNtNtNtB5_5query12search_items12search_items63SearchItemsPageMediaRecommendationsEdgesNodeMediaRecommendationNtB5_24RecommendationMediaTrait2id
FN:329,_RNvXse_Csisdq3kjCNxn_7anilistNtNtNtNtB5_5query12search_items12search_items63SearchItemsPageMediaRecommendationsEdgesNodeMediaRecommendationNtB5_24RecommendationMediaTrait5title
FN:325,_RNvXse_Csisdq3kjCNxn_7anilistNtNtNtNtB5_5query12search_items12search_items63SearchItemsPageMediaRecommendationsEdgesNodeMediaRecommendationNtB5_24RecommendationMediaTrait6id_mal
FN:353,_RNvXsf_Csisdq3kjCNxn_7anilistNtNtNtNtB5_5query20search_items_by_type20search_items_by_type69SearchItemsByTypePageMediaRecommendationsEdgesNodeMediaRecommendationNtB5_24RecommendationMediaTrait11cover_image
FN:341,_RNvXsf_Csisdq3kjCNxn_7anilistNtNtNtNtB5_5query20search_items_by_type20search_items_by_type69SearchItemsByTypePageMediaRecommendationsEdgesNodeMediaRecommendationNtB5_24RecommendationMediaTrait2id
FN:349,_RNvXsf_Csisdq3kjCNxn_7anilistNtNtNtNtB5_5query20search_items_by_type20search_items_by_type69SearchItemsByTypePageMediaRecommendationsEdgesNodeMediaRecommendationNtB5_24RecommendationMediaTrait5title
FN:345,_RNvXsf_Csisdq3kjCNxn_7anilistNtNtNtNtB5_5query20search_items_by_type20search_items_by_type69SearchItemsByTypePageMediaRecommendationsEdgesNodeMediaRecommendationNtB5_24RecommendationMediaTrait6id_mal
FN:371,_RNvXsg_Csisdq3kjCNxn_7anilistNtNtNtNtB5_5query9get_items9get_items41GetItemsPageMediaRecommendationsEdgesNodeNtB5_19RecommendationTrait5media
FN:367,_RNvXsg_Csisdq3kjCNxn_7anilistNtNtNtNtB5_5query9get_items9get_items41GetItemsPageMediaRecommendationsEdgesNodeNtB5_19RecommendationTrait6rating
FN:388,_RNvXsh_Csisdq3kjCNxn_7anilistNtNtNtNtB5_5query12search_items12search_items44SearchItemsPageMediaRecommendationsEdgesNodeNtB5_19RecommendationTrait5media
FN:384,_RNvXsh_Csisdq3kjCNxn_7anilistNtNtNtNtB5_5query12search_items12search_items44SearchItemsPageMediaRecommendationsEdgesNodeNtB5_19RecommendationTrait6rating
FN:405,_RNvXsi_Csisdq3kjCNxn_7anilistNtNtNtNtB5_5query20search_items_by_type20search_items_by_type50SearchItemsByTypePageMediaRecommendationsEdgesNodeNtB5_19RecommendationTrait5media
FN:401,_RNvXsi_Csisdq3kjCNxn_7anilistNtNtNtNtB5_5query20search_items_by_type20search_items_by_type50SearchItemsByTypePageMediaRecommendationsEdgesNodeNtB5_19RecommendationTrait6rating
FN:468,_RNvXsj_Csisdq3kjCNxn_7anilistNtNtNtNtB5_5query9get_items9get_items17GetItemsPageMediaNtB5_10MediaTrait10media_type
FN:479,_RNvXsj_Csisdq3kjCNxn_7anilistNtNtNtNtB5_5query9get_items9get_items17GetItemsPageMediaNtB5_10MediaTrait11cover_image
FN:490,_RNvXsj_Csisdq3kjCNxn_7anilistNtNtNtNtB5_5query9get_items9get_items17GetItemsPageMediaNtB5_10MediaTrait12banner_image
FN:444,_RNvXsj_Csisdq3kjCNxn_7anilistNtNtNtNtB5_5query9get_items9get_items17GetItemsPageMediaNtB5_10MediaTrait15airing_schedule
FN:494,_RNvXsj_Csisdq3kjCNxn_7anilistNtNtNtNtB5_5query9get_items9get_items17GetItemsPageMediaNtB5_10MediaTrait15recommendations
FN:454,_RNvXsj_Csisdq3kjCNxn_7anilistNtNtNtNtB5_5query9get_items9get_items17GetItemsPageMediaNtB5_10MediaTrait16episode_duration
FN:436,_RNvXsj_Csisdq3kjCNxn_7anilistNtNtNtNtB5_5query9get_items9get_items17GetItemsPageMediaNtB5_10MediaTrait2id
FN:458,_RNvXsj_Csisdq3kjCNxn_7anilistNtNtNtNtB5_5query9get_items9get_items17GetItemsPageMediaNtB5_10MediaTrait5title
FN:440,_RNvXsj_Csisdq3kjCNxn_7anilistNtNtNtNtB5_5query9get_items9get_items17GetItemsPageMediaNtB5_10MediaTrait6id_mal
FN:542,_RNvXsk_Csisdq3kjCNxn_7anilistNtNtNtNtB5_5query12search_items12search_items20SearchItemsPageMediaNtB5_10MediaTrait10media_type
FN:553,_RNvXsk_Csisdq3kjCNxn_7anilistNtNtNtNtB5_5query12search_items12search_items20SearchItemsPageMediaNtB5_10MediaTrait11cover_image
FN:564,_RNvXsk_Csisdq3kjCNxn_7anilistNtNtNtNtB5_5query12search_items12search_items20SearchItemsPageMediaNtB5_10MediaTrait12banner_image
FN:518,_RNvXsk_Csisdq3kjCNxn_7anilistNtNtNtNtB5_5query12search_items12search_items20SearchItemsPageMediaNtB5_10MediaTrait15airing_schedule
FN:568,_RNvXsk_Csisdq3kjCNxn_7anilistNtNtNtNtB5_5query12search_items12search_items20SearchItemsPageMediaNtB5_10MediaTrait15recommendations
FN:528,_RNvXsk_Csisdq3kjCNxn_7anilistNtNtNtNtB5_5query12search_items12search_items20SearchItemsPageMediaNtB5_10MediaTrait16episode_duration
FN:510,_RNvXsk_Csisdq3kjCNxn_7anilistNtNtNtNtB5_5query12search_items12search_items20SearchItemsPageMediaNtB5_10MediaTrait2id
FN:532,_RNvXsk_Csisdq3kjCNxn_7anilistNtNtNtNtB5_5query12search_items12search_items20SearchItemsPageMediaNtB5_10MediaTrait5title
FN:514,_RNvXsk_Csisdq3kjCNxn_7anilistNtNtNtNtB5_5query12search_items12search_items20SearchItemsPageMediaNtB5_10MediaTrait6id_mal
FN:616,_RNvXsl_Csisdq3kjCNxn_7anilistNtNtNtNtB5_5query20search_items_by_type20search_items_by_type26SearchItemsByTypePageMediaNtB5_10MediaTrait10media_type
FN:627,_RNvXsl_Csisdq3kjCNxn_7anilistNtNtNtNtB5_5query20search_items_by_type20search_items_by_type26SearchItemsByTypePageMediaNtB5_10MediaTrait11cover_image
FN:638,_RNvXsl_Csisdq3kjCNxn_7anilistNtNtNtNtB5_5query20search_items_by_type20search_items_by_type26SearchItemsByTypePageMediaNtB5_10MediaTrait12banner_image
FN:592,_RNvXsl_Csisdq3kjCNxn_7anilistNtNtNtNtB5_5query20search_items_by_type20search_items_by_type26SearchItemsByTypePageMediaNtB5_10MediaTrait15airing_schedule
FN:642,_RNvXsl_Csisdq3kjCNxn_7anilistNtNtNtNtB5_5query20search_items_by_type20search_items_by_type26SearchItemsByTypePageMediaNtB5_10MediaTrait15recommendations
FN:602,_RNvXsl_Csisdq3kjCNxn_7anilistNtNtNtNtB5_5query20search_items_by_type20search_items_by_type26SearchItemsByTypePageMediaNtB5_10MediaTrait16episode_duration
FN:584,_RNvXsl_Csisdq3kjCNxn_7anilistNtNtNtNtB5_5query20search_items_by_type20search_items_by_type26SearchItemsByTypePageMediaNtB5_10MediaTrait2id
FN:606,_RNvXsl_Csisdq3kjCNxn_7anilistNtNtNtNtB5_5query20search_items_by_type20search_items_by_type26SearchItemsByTypePageMediaNtB5_10MediaTrait5title
FN:588,_RNvXsl_Csisdq3kjCNxn_7anilistNtNtNtNtB5_5query20search_items_by_type20search_items_by_type26SearchItemsByTypePageMediaNtB5_10MediaTrait6id_mal
FN:662,_RNvXsm_Csisdq3kjCNxn_7anilistNtNtNtNtB5_5query9get_items9get_items12ResponseDataNtB5_17ResponseItemTrait5media
FN:668,_RNvXsn_Csisdq3kjCNxn_7anilistNtNtNtNtB5_5query12search_items12search_items12ResponseDataNtB5_17ResponseItemTrait5media
FN:674,_RNvXso_Csisdq3kjCNxn_7anilistNtNtNtNtB5_5query20search_items_by_type20search_items_by_type12ResponseDataNtB5_17ResponseItemTrait5media
FN:115,_RNvXs3_Cs4UleOyWhosd_7anilistNtNtNtNtB5_5query12search_items12search_items25SearchItemsPageMediaTitleNtB5_10TitleTrait6native
FN:119,_RNvXs3_Cs4UleOyWhosd_7anilistNtNtNtNtB5_5query12search_items12search_items25SearchItemsPageMediaTitleNtB5_10TitleTrait6romaji
FN:111,_RNvXs3_Cs4UleOyWhosd_7anilistNtNtNtNtB5_5query12search_items12search_items25SearchItemsPageMediaTitleNtB5_10TitleTrait7english
FN:129,_RNvXs4_Cs4UleOyWhosd_7anilistNtNtNtNtB5_5query12search_items12search_items68SearchItemsPageMediaRecommendationsEdgesNodeMediaRecommendationTitleNtB5_10TitleTrait6native
FN:133,_RNvXs4_Cs4UleOyWhosd_7anilistNtNtNtNtB5_5query12search_items12search_items68SearchItemsPageMediaRecommendationsEdgesNodeMediaRecommendationTitleNtB5_10TitleTrait6romaji
FN:125,_RNvXs4_Cs4UleOyWhosd_7anilistNtNtNtNtB5_5query12search_items12search_items68SearchItemsPageMediaRecommendationsEdgesNodeMediaRecommendationTitleNtB5_10TitleTrait7english
FN:215,_RNvXs9_Cs4UleOyWhosd_7anilistNtNtNtNtB5_5query12search_items12search_items30SearchItemsPageMediaCoverImageNtB5_15CoverImageTrait11extra_large
FN:227,_RNvXs9_Cs4UleOyWhosd_7anilistNtNtNtNtB5_5query12search_items12search_items30SearchItemsPageMediaCoverImageNtB5_15CoverImageTrait5color
FN:219,_RNvXs9_Cs4UleOyWhosd_7anilistNtNtNtNtB5_5query12search_items12search_items30SearchItemsPageMediaCoverImageNtB5_15CoverImageTrait5large
FN:223,_RNvXs9_Cs4UleOyWhosd_7anilistNtNtNtNtB5_5query12search_items12search_items30SearchItemsPageMediaCoverImageNtB5_15CoverImageTrait6medium
FN:45,_RNvXs_Cs4UleOyWhosd_7anilistNtNtNtNtB4_5query12search_items12search_items39SearchItemsPageMediaAiringScheduleNodesNtB4_19AiringScheduleTrait2id
FN:53,_RNvXs_Cs4UleOyWhosd_7anilistNtNtNtNtB4_5query12search_items12search_items39SearchItemsPageMediaAiringScheduleNodesNtB4_19AiringScheduleTrait7episode
FN:49,_RNvXs_Cs4UleOyWhosd_7anilistNtNtNtNtB4_5query12search_items12search_items39SearchItemsPageMediaAiringScheduleNodesNtB4_19AiringScheduleTrait9airing_at
FN:233,_RNvXsa_Cs4UleOyWhosd_7anilistNtNtNtNtB5_5query12search_items12search_items73SearchItemsPageMediaRecommendationsEdgesNodeMediaRecommendationCoverImageNtB5_15CoverImageTrait11extra_large
FN:245,_RNvXsa_Cs4UleOyWhosd_7anilistNtNtNtNtB5_5query12search_items12search_items73SearchItemsPageMediaRecommendationsEdgesNodeMediaRecommendationCoverImageNtB5_15CoverImageTrait5color
FN:237,_RNvXsa_Cs4UleOyWhosd_7anilistNtNtNtNtB5_5query12search_items12search_items73SearchItemsPageMediaRecommendationsEdgesNodeMediaRecommendationCoverImageNtB5_15CoverImageTrait5large
FN:241,_RNvXsa_Cs4UleOyWhosd_7anilistNtNtNtNtB5_5query12search_items12search_items73SearchItemsPageMediaRecommendationsEdgesNodeMediaRecommendationCoverImageNtB5_15CoverImageTrait6medium
FN:333,_RNvXse_Cs4UleOyWhosd_7anilistNtNtNtNtB5_5query12search_items12search_items63SearchItemsPageMediaRecommendationsEdgesNodeMediaRecommendationNtB5_24RecommendationMediaTrait11cover_image
FN:321,_RNvXse_Cs4UleOyWhosd_7anilistNtNtNtNtB5_5query12search_items12search_items63SearchItemsPageMediaRecommendationsEdgesNodeMediaRecommendationNtB5_24RecommendationMediaTrait2id
FN:329,_RNvXse_Cs4UleOyWhosd_7anilistNtNtNtNtB5_5query12search_items12search_items63SearchItemsPageMediaRecommendationsEdgesNodeMediaRecommendationNtB5_24RecommendationMediaTrait5title
FN:325,_RNvXse_Cs4UleOyWhosd_7anilistNtNtNtNtB5_5query12search_items12search_items63SearchItemsPageMediaRecommendationsEdgesNodeMediaRecommendationNtB5_24RecommendationMediaTrait6id_mal
FN:388,_RNvXsh_Cs4UleOyWhosd_7anilistNtNtNtNtB5_5query12search_items12search_items44SearchItemsPageMediaRecommendationsEdgesNodeNtB5_19RecommendationTrait5media
FN:384,_RNvXsh_Cs4UleOyWhosd_7anilistNtNtNtNtB5_5query12search_items12search_items44SearchItemsPageMediaRecommendationsEdgesNodeNtB5_19RecommendationTrait6rating
FN:542,_RNvXsk_Cs4UleOyWhosd_7anilistNtNtNtNtB5_5query12search_items12search_items20SearchItemsPageMediaNtB5_10MediaTrait10media_type
FN:553,_RNvXsk_Cs4UleOyWhosd_7anilistNtNtNtNtB5_5query12search_items12search_items20SearchItemsPageMediaNtB5_10MediaTrait11cover_image
FN:564,_RNvXsk_Cs4UleOyWhosd_7anilistNtNtNtNtB5_5query12search_items12search_items20SearchItemsPageMediaNtB5_10MediaTrait12banner_image
FN:518,_RNvXsk_Cs4UleOyWhosd_7anilistNtNtNtNtB5_5query12search_items12search_items20SearchItemsPageMediaNtB5_10MediaTrait15airing_schedule
FN:568,_RNvXsk_Cs4UleOyWhosd_7anilistNtNtNtNtB5_5query12search_items12search_items20SearchItemsPageMediaNtB5_10MediaTrait15recommendations
FN:528,_RNvXsk_Cs4UleOyWhosd_7anilistNtNtNtNtB5_5query12search_items12search_items20SearchItemsPageMediaNtB5_10MediaTrait16episode_duration
FN:510,_RNvXsk_Cs4UleOyWhosd_7anilistNtNtNtNtB5_5query12search_items12search_items20SearchItemsPageMediaNtB5_10MediaTrait2id
FN:532,_RNvXsk_Cs4UleOyWhosd_7anilistNtNtNtNtB5_5query12search_items12search_items20SearchItemsPageMediaNtB5_10MediaTrait5title
FN:514,_RNvXsk_Cs4UleOyWhosd_7anilistNtNtNtNtB5_5query12search_items12search_items20SearchItemsPageMediaNtB5_10MediaTrait6id_mal
FN:668,_RNvXsn_Cs4UleOyWhosd_7anilistNtNtNtNtB5_5query12search_items12search_items12ResponseDataNtB5_17ResponseItemTrait5media
FN:61,_RNvXs0_Cs4UleOyWhosd_7anilistNtNtNtNtB5_5query20search_items_by_type20search_items_by_type45SearchItemsByTypePageMediaAiringScheduleNodesNtB5_19AiringScheduleTrait2id
FN:69,_RNvXs0_Cs4UleOyWhosd_7anilistNtNtNtNtB5_5query20search_items_by_type20search_items_by_type45SearchItemsByTypePageMediaAiringScheduleNodesNtB5_19AiringScheduleTrait7episode
FN:65,_RNvXs0_Cs4UleOyWhosd_7anilistNtNtNtNtB5_5query20search_items_by_type20search_items_by_type45SearchItemsByTypePageMediaAiringScheduleNodesNtB5_19AiringScheduleTrait9airing_at
FN:145,_RNvXs5_Cs4UleOyWhosd_7anilistNtNtNtNtB5_5query20search_items_by_type20search_items_by_type31SearchItemsByTypePageMediaTitleNtB5_10TitleTrait6native
FN:149,_RNvXs5_Cs4UleOyWhosd_7anilistNtNtNtNtB5_5query20search_items_by_type20search_items_by_type31SearchItemsByTypePageMediaTitleNtB5_10TitleTrait6romaji
FN:141,_RNvXs5_Cs4UleOyWhosd_7anilistNtNtNtNtB5_5query20search_items_by_type20search_items_by_type31SearchItemsByTypePageMediaTitleNtB5_10TitleTrait7english
FN:159,_RNvXs6_Cs4UleOyWhosd_7anilistNtNtNtNtB5_5query20search_items_by_type20search_items_by_type74SearchItemsByTypePageMediaRecommendationsEdgesNodeMediaRecommendationTitleNtB5_10TitleTrait6native
FN:163,_RNvXs6_Cs4UleOyWhosd_7anilistNtNtNtNtB5_5query20search_items_by_type20search_items_by_type74SearchItemsByTypePageMediaRecommendationsEdgesNodeMediaRecommendationTitleNtB5_10TitleTrait6romaji
FN:155,_RNvXs6_Cs4UleOyWhosd_7anilistNtNtNtNtB5_5query20search_items_by_type20search_items_by_type74SearchItemsByTypePageMediaRecommendationsEdgesNodeMediaRecommendationTitleNtB5_10TitleTrait7english
FN:253,_RNvXsb_Cs4UleOyWhosd_7anilistNtNtNtNtB5_5query20search_items_by_type20search_items_by_type36SearchItemsByTypePageMediaCoverImageNtB5_15CoverImageTrait11extra_large
FN:265,_RNvXsb_Cs4UleOyWhosd_7anilistNtNtNtNtB5_5query20search_items_by_type20search_items_by_type36SearchItemsByTypePageMediaCoverImageNtB5_15CoverImageTrait5color
FN:257,_RNvXsb_Cs4UleOyWhosd_7anilistNtNtNtNtB5_5query20search_items_by_type20search_items_by_type36SearchItemsByTypePageMediaCoverImageNtB5_15CoverImageTrait5large
FN:261,_RNvXsb_Cs4UleOyWhosd_7anilistNtNtNtNtB5_5query20search_items_by_type20search_items_by_type36SearchItemsByTypePageMediaCoverImageNtB5_15CoverImageTrait6medium
FN:271,_RNvXsc_Cs4UleOyWhosd_7anilistNtNtNtNtB5_5query20search_items_by_type20search_items_by_type79SearchItemsByTypePageMediaRecommendationsEdgesNodeMediaRecommendationCoverImageNtB5_15CoverImageTrait11extra_large
FN:283,_RNvXsc_Cs4UleOyWhosd_7anilistNtNtNtNtB5_5query20search_items_by_type20search_items_by_type79SearchItemsByTypePageMediaRecommendationsEdgesNodeMediaRecommendationCoverImageNtB5_15CoverImageTrait5color
FN:275,_RNvXsc_Cs4UleOyWhosd_7anilistNtNtNtNtB5_5query20search_items_by_type20search_items_by_type79SearchItemsByTypePageMediaRecommendationsEdgesNodeMediaRecommendationCoverImageNtB5_15CoverImageTrait5large
FN:279,_RNvXsc_Cs4UleOyWhosd_7anilistNtNtNtNtB5_5query20search_items_by_type20search_items_by_type79SearchItemsByTypePageMediaRecommendationsEdgesNodeMediaRecommendationCoverImageNtB5_15CoverImageTrait6medium
FN:353,_RNvXsf_Cs4UleOyWhosd_7anilistNtNtNtNtB5_5query20search_items_by_type20search_items_by_type69SearchItemsByTypePageMediaRecommendationsEdgesNodeMediaRecommendationNtB5_24RecommendationMediaTrait11cover_image
FN:341,_RNvXsf_Cs4UleOyWhosd_7anilistNtNtNtNtB5_5query20search_items_by_type20search_items_by_type69SearchItemsByTypePageMediaRecommendationsEdgesNodeMediaRecommendationNtB5_24RecommendationMediaTrait2id
FN:349,_RNvXsf_Cs4UleOyWhosd_7anilistNtNtNtNtB5_5query20search_items_by_type20search_items_by_type69SearchItemsByTypePageMediaRecommendationsEdgesNodeMediaRecommendationNtB5_24RecommendationMediaTrait5title
FN:345,_RNvXsf_Cs4UleOyWhosd_7anilistNtNtNtNtB5_5query20search_items_by_type20search_items_by_type69SearchItemsByTypePageMediaRecommendationsEdgesNodeMediaRecommendationNtB5_24RecommendationMediaTrait6id_mal
FN:405,_RNvXsi_Cs4UleOyWhosd_7anilistNtNtNtNtB5_5query20search_items_by_type20search_items_by_type50SearchItemsByTypePageMediaRecommendationsEdgesNodeNtB5_19RecommendationTrait5media
FN:401,_RNvXsi_Cs4UleOyWhosd_7anilistNtNtNtNtB5_5query20search_items_by_type20search_items_by_type50SearchItemsByTypePageMediaRecommendationsEdgesNodeNtB5_19RecommendationTrait6rating
FN:616,_RNvXsl_Cs4UleOyWhosd_7anilistNtNtNtNtB5_5query20search_items_by_type20search_items_by_type26SearchItemsByTypePageMediaNtB5_10MediaTrait10media_type
FN:627,_RNvXsl_Cs4UleOyWhosd_7anilistNtNtNtNtB5_5query20search_items_by_type20search_items_by_type26SearchItemsByTypePageMediaNtB5_10MediaTrait11cover_image
FN:638,_RNvXsl_Cs4UleOyWhosd_7anilistNtNtNtNtB5_5query20search_items_by_type20search_items_by_type26SearchItemsByTypePageMediaNtB5_10MediaTrait12banner_image
FN:592,_RNvXsl_Cs4UleOyWhosd_7anilistNtNtNtNtB5_5query20search_items_by_type20search_items_by_type26SearchItemsByTypePageMediaNtB5_10MediaTrait15airing_schedule
FN:642,_RNvXsl_Cs4UleOyWhosd_7anilistNtNtNtNtB5_5query20search_items_by_type20search_items_by_type26SearchItemsByTypePageMediaNtB5_10MediaTrait15recommendations
FN:602,_RNvXsl_Cs4UleOyWhosd_7anilistNtNtNtNtB5_5query20search_items_by_type20search_items_by_type26SearchItemsByTypePageMediaNtB5_10MediaTrait16episode_duration
FN:584,_RNvXsl_Cs4UleOyWhosd_7anilistNtNtNtNtB5_5query20search_items_by_type20search_items_by_type26SearchItemsByTypePageMediaNtB5_10MediaTrait2id
FN:606,_RNvXsl_Cs4UleOyWhosd_7anilistNtNtNtNtB5_5query20search_items_by_type20search_items_by_type26SearchItemsByTypePageMediaNtB5_10MediaTrait5title
FN:588,_RNvXsl_Cs4UleOyWhosd_7anilistNtNtNtNtB5_5query20search_items_by_type20search_items_by_type26SearchItemsByTypePageMediaNtB5_10MediaTrait6id_mal
FN:674,_RNvXso_Cs4UleOyWhosd_7anilistNtNtNtNtB5_5query20search_items_by_type20search_items_by_type12ResponseDataNtB5_17ResponseItemTrait5media
FN:29,_RNvXCs4UleOyWhosd_7anilistNtNtNtNtB2_5query9get_items9get_items36GetItemsPageMediaAiringScheduleNodesNtB2_19AiringScheduleTrait2id
FN:37,_RNvXCs4UleOyWhosd_7anilistNtNtNtNtB2_5query9get_items9get_items36GetItemsPageMediaAiringScheduleNodesNtB2_19AiringScheduleTrait7episode
FN:33,_RNvXCs4UleOyWhosd_7anilistNtNtNtNtB2_5query9get_items9get_items36GetItemsPageMediaAiringScheduleNodesNtB2_19AiringScheduleTrait9airing_at
FN:87,_RNvXs1_Cs4UleOyWhosd_7anilistNtNtNtNtB5_5query9get_items9get_items22GetItemsPageMediaTitleNtB5_10TitleTrait6native
FN:91,_RNvXs1_Cs4UleOyWhosd_7anilistNtNtNtNtB5_5query9get_items9get_items22GetItemsPageMediaTitleNtB5_10TitleTrait6romaji
FN:83,_RNvXs1_Cs4UleOyWhosd_7anilistNtNtNtNtB5_5query9get_items9get_items22GetItemsPageMediaTitleNtB5_10TitleTrait7english
FN:101,_RNvXs2_Cs4UleOyWhosd_7anilistNtNtNtNtB5_5query9get_items9get_items65GetItemsPageMediaRecommendationsEdgesNodeMediaRecommendationTitleNtB5_10TitleTrait6native
FN:105,_RNvXs2_Cs4UleOyWhosd_7anilistNtNtNtNtB5_5query9get_items9get_items65GetItemsPageMediaRecommendationsEdgesNodeMediaRecommendationTitleNtB5_10TitleTrait6romaji
FN:97,_RNvXs2_Cs4UleOyWhosd_7anilistNtNtNtNtB5_5query9get_items9get_items65GetItemsPageMediaRecommendationsEdgesNodeMediaRecommendationTitleNtB5_10TitleTrait7english
FN:179,_RNvXs7_Cs4UleOyWhosd_7anilistNtNtNtNtB5_5query9get_items9get_items27GetItemsPageMediaCoverImageNtB5_15CoverImageTrait11extra_large
FN:191,_RNvXs7_Cs4UleOyWhosd_7anilistNtNtNtNtB5_5query9get_items9get_items27GetItemsPageMediaCoverImageNtB5_15CoverImageTrait5color
FN:183,_RNvXs7_Cs4UleOyWhosd_7anilistNtNtNtNtB5_5query9get_items9get_items27GetItemsPageMediaCoverImageNtB5_15CoverImageTrait5large
FN:187,_RNvXs7_Cs4UleOyWhosd_7anilistNtNtNtNtB5_5query9get_items9get_items27GetItemsPageMediaCoverImageNtB5_15CoverImageTrait6medium
FN:197,_RNvXs8_Cs4UleOyWhosd_7anilistNtNtNtNtB5_5query9get_items9get_items70GetItemsPageMediaRecommendationsEdgesNodeMediaRecommendationCoverImageNtB5_15CoverImageTrait11extra_large
FN:209,_RNvXs8_Cs4UleOyWhosd_7anilistNtNtNtNtB5_5query9get_items9get_items70GetItemsPageMediaRecommendationsEdgesNodeMediaRecommendationCoverImageNtB5_15CoverImageTrait5color
FN:201,_RNvXs8_Cs4UleOyWhosd_7anilistNtNtNtNtB5_5query9get_items9get_items70GetItemsPageMediaRecommendationsEdgesNodeMediaRecommendationCoverImageNtB5_15CoverImageTrait5large
FN:205,_RNvXs8_Cs4UleOyWhosd_7anilistNtNtNtNtB5_5query9get_items9get_items70GetItemsPageMediaRecommendationsEdgesNodeMediaRecommendationCoverImageNtB5_15CoverImageTrait6medium
FN:313,_RNvXsd_Cs4UleOyWhosd_7anilistNtNtNtNtB5_5query9get_items9get_items60GetItemsPageMediaRecommendationsEdgesNodeMediaRecommendationNtB5_24RecommendationMediaTrait11cover_image
FN:301,_RNvXsd_Cs4UleOyWhosd_7anilistNtNtNtNtB5_5query9get_items9get_items60GetItemsPageMediaRecommendationsEdgesNodeMediaRecommendationNtB5_24RecommendationMediaTrait2id
FN:309,_RNvXsd_Cs4UleOyWhosd_7anilistNtNtNtNtB5_5query9get_items9get_items60GetItemsPageMediaRecommendationsEdgesNodeMediaRecommendationNtB5_24RecommendationMediaTrait5title
FN:305,_RNvXsd_Cs4UleOyWhosd_7anilistNtNtNtNtB5_5query9get_items9get_items60GetItemsPageMediaRecommendationsEdgesNodeMediaRecommendationNtB5_24RecommendationMediaTrait6id_mal
FN:371,_RNvXsg_Cs4UleOyWhosd_7anilistNtNtNtNtB5_5query9get_items9get_items41GetItemsPageMediaRecommendationsEdgesNodeNtB5_19RecommendationTrait5media
FN:367,_RNvXsg_Cs4UleOyWhosd_7anilistNtNtNtNtB5_5query9get_items9get_items41GetItemsPageMediaRecommendationsEdgesNodeNtB5_19RecommendationTrait6rating
FN:468,_RNvXsj_Cs4UleOyWhosd_7anilistNtNtNtNtB5_5query9get_items9get_items17GetItemsPageMediaNtB5_10MediaTrait10media_type
FN:479,_RNvXsj_Cs4UleOyWhosd_7anilistNtNtNtNtB5_5query9get_items9get_items17GetItemsPageMediaNtB5_10MediaTrait11cover_image
FN:490,_RNvXsj_Cs4UleOyWhosd_7anilistNtNtNtNtB5_5query9get_items9get_items17GetItemsPageMediaNtB5_10MediaTrait12banner_image
FN:444,_RNvXsj_Cs4UleOyWhosd_7anilistNtNtNtNtB5_5query9get_items9get_items17GetItemsPageMediaNtB5_10MediaTrait15airing_schedule
FN:494,_RNvXsj_Cs4UleOyWhosd_7anilistNtNtNtNtB5_5query9get_items9get_items17GetItemsPageMediaNtB5_10MediaTrait15recommendations
FN:454,_RNvXsj_Cs4UleOyWhosd_7anilistNtNtNtNtB5_5query9get_items9get_items17GetItemsPageMediaNtB5_10MediaTrait16episode_duration
FN:436,_RNvXsj_Cs4UleOyWhosd_7anilistNtNtNtNtB5_5query9get_items9get_items17GetItemsPageMediaNtB5_10MediaTrait2id
FN:458,_RNvXsj_Cs4UleOyWhosd_7anilistNtNtNtNtB5_5query9get_items9get_items17GetItemsPageMediaNtB5_10MediaTrait5title
FN:440,_RNvXsj_Cs4UleOyWhosd_7anilistNtNtNtNtB5_5query9get_items9get_items17GetItemsPageMediaNtB5_10MediaTrait6id_mal
FN:662,_RNvXsm_Cs4UleOyWhosd_7anilistNtNtNtNtB5_5query9get_items9get_items12ResponseDataNtB5_17ResponseItemTrait5media
FN:450,_RNCNCNvXsj_Cs4UleOyWhosd_7anilistNtNtNtNtB9_5query9get_items9get_items17GetItemsPageMediaNtB9_10MediaTrait15airing_schedule00B9_
FN:524,_RNCNCNvXsk_Cs4UleOyWhosd_7anilistNtNtNtNtB9_5query12search_items12search_items20SearchItemsPageMediaNtB9_10MediaTrait15airing_schedule00B9_
FN:598,_RNCNCNvXsl_Cs4UleOyWhosd_7anilistNtNtNtNtB9_5query20search_items_by_type20search_items_by_type26SearchItemsByTypePageMediaNtB9_10MediaTrait15airing_schedule00B9_
FN:472,_RNCNvXsj_Cs4UleOyWhosd_7anilistNtNtNtNtB7_5query9get_items9get_items17GetItemsPageMediaNtB7_10MediaTrait10media_type0B7_
FN:447,_RNCNvXsj_Cs4UleOyWhosd_7anilistNtNtNtNtB7_5query9get_items9get_items17GetItemsPageMediaNtB7_10MediaTrait15airing_schedule0B7_
FN:497,_RNCNvXsj_Cs4UleOyWhosd_7anilistNtNtNtNtB7_5query9get_items9get_items17GetItemsPageMediaNtB7_10MediaTrait15recommendations0B7_
FN:546,_RNCNvXsk_Cs4UleOyWhosd_7anilistNtNtNtNtB7_5query12search_items12search_items20SearchItemsPageMediaNtB7_10MediaTrait10media_type0B7_
FN:521,_RNCNvXsk_Cs4UleOyWhosd_7anilistNtNtNtNtB7_5query12search_items12search_items20SearchItemsPageMediaNtB7_10MediaTrait15airing_schedule0B7_
FN:571,_RNCNvXsk_Cs4UleOyWhosd_7anilistNtNtNtNtB7_5query12search_items12search_items20SearchItemsPageMediaNtB7_10MediaTrait15recommendations0B7_
FN:620,_RNCNvXsl_Cs4UleOyWhosd_7anilistNtNtNtNtB7_5query20search_items_by_type20search_items_by_type26SearchItemsByTypePageMediaNtB7_10MediaTrait10media_type0B7_
FN:595,_RNCNvXsl_Cs4UleOyWhosd_7anilistNtNtNtNtB7_5query20search_items_by_type20search_items_by_type26SearchItemsByTypePageMediaNtB7_10MediaTrait15airing_schedule0B7_
FN:645,_RNCNvXsl_Cs4UleOyWhosd_7anilistNtNtNtNtB7_5query20search_items_by_type20search_items_by_type26SearchItemsByTypePageMediaNtB7_10MediaTrait15recommendations0B7_
FNDA:0,_RNCNCNvXsj_Csisdq3kjCNxn_7anilistNtNtNtNtB9_5query9get_items9get_items17GetItemsPageMediaNtB9_10MediaTrait15airing_schedule00B9_
FNDA:0,_RNCNCNvXsk_Csisdq3kjCNxn_7anilistNtNtNtNtB9_5query12search_items12search_items20SearchItemsPageMediaNtB9_10MediaTrait15airing_schedule00B9_
FNDA:0,_RNCNCNvXsl_Csisdq3kjCNxn_7anilistNtNtNtNtB9_5query20search_items_by_type20search_items_by_type26SearchItemsByTypePageMediaNtB9_10MediaTrait15airing_schedule00B9_
FNDA:0,_RNCNvXsj_Csisdq3kjCNxn_7anilistNtNtNtNtB7_5query9get_items9get_items17GetItemsPageMediaNtB7_10MediaTrait10media_type0B7_
FNDA:0,_RNCNvXsj_Csisdq3kjCNxn_7anilistNtNtNtNtB7_5query9get_items9get_items17GetItemsPageMediaNtB7_10MediaTrait15airing_schedule0B7_
FNDA:0,_RNCNvXsj_Csisdq3kjCNxn_7anilistNtNtNtNtB7_5query9get_items9get_items17GetItemsPageMediaNtB7_10MediaTrait15recommendations0B7_
FNDA:0,_RNCNvXsk_Csisdq3kjCNxn_7anilistNtNtNtNtB7_5query12search_items12search_items20SearchItemsPageMediaNtB7_10MediaTrait10media_type0B7_
FNDA:0,_RNCNvXsk_Csisdq3kjCNxn_7anilistNtNtNtNtB7_5query12search_items12search_items20SearchItemsPageMediaNtB7_10MediaTrait15airing_schedule0B7_
FNDA:0,_RNCNvXsk_Csisdq3kjCNxn_7anilistNtNtNtNtB7_5query12search_items12search_items20SearchItemsPageMediaNtB7_10MediaTrait15recommendations0B7_
FNDA:0,_RNCNvXsl_Csisdq3kjCNxn_7anilistNtNtNtNtB7_5query20search_items_by_type20search_items_by_type26SearchItemsByTypePageMediaNtB7_10MediaTrait10media_type0B7_
FNDA:0,_RNCNvXsl_Csisdq3kjCNxn_7anilistNtNtNtNtB7_5query20search_items_by_type20search_items_by_type26SearchItemsByTypePageMediaNtB7_10MediaTrait15airing_schedule0B7_
FNDA:0,_RNCNvXsl_Csisdq3kjCNxn_7anilistNtNtNtNtB7_5query20search_items_by_type20search_items_by_type26SearchItemsByTypePageMediaNtB7_10MediaTrait15recommendations0B7_
FNDA:0,_RNvXCsisdq3kjCNxn_7anilistNtNtNtNtB2_5query9get_items9get_items36GetItemsPageMediaAiringScheduleNodesNtB2_19AiringScheduleTrait2id
FNDA:0,_RNvXCsisdq3kjCNxn_7anilistNtNtNtNtB2_5query9get_items9get_items36GetItemsPageMediaAiringScheduleNodesNtB2_19AiringScheduleTrait7episode
FNDA:0,_RNvXCsisdq3kjCNxn_7anilistNtNtNtNtB2_5query9get_items9get_items36GetItemsPageMediaAiringScheduleNodesNtB2_19AiringScheduleTrait9airing_at
FNDA:0,_RNvXs0_Csisdq3kjCNxn_7anilistNtNtNtNtB5_5query20search_items_by_type20search_items_by_type45SearchItemsByTypePageMediaAiringScheduleNodesNtB5_19AiringScheduleTrait2id
FNDA:0,_RNvXs0_Csisdq3kjCNxn_7anilistNtNtNtNtB5_5query20search_items_by_type20search_items_by_type45SearchItemsByTypePageMediaAiringScheduleNodesNtB5_19AiringScheduleTrait7episode
FNDA:0,_RNvXs0_Csisdq3kjCNxn_7anilistNtNtNtNtB5_5query20search_items_by_type20search_items_by_type45SearchItemsByTypePageMediaAiringScheduleNodesNtB5_19AiringScheduleTrait9airing_at
FNDA:0,_RNvXs1_Csisdq3kjCNxn_7anilistNtNtNtNtB5_5query9get_items9get_items22GetItemsPageMediaTitleNtB5_10TitleTrait6native
FNDA:0,_RNvXs1_Csisdq3kjCNxn_7anilistNtNtNtNtB5_5query9get_items9get_items22GetItemsPageMediaTitleNtB5_10TitleTrait6romaji
FNDA:0,_RNvXs1_Csisdq3kjCNxn_7anilistNtNtNtNtB5_5query9get_items9get_items22GetItemsPageMediaTitleNtB5_10TitleTrait7english
FNDA:0,_RNvXs2_Csisdq3kjCNxn_7anilistNtNtNtNtB5_5query9get_items9get_items65GetItemsPageMediaRecommendationsEdgesNodeMediaRecommendationTitleNtB5_10TitleTrait6native
FNDA:0,_RNvXs2_Csisdq3kjCNxn_7anilistNtNtNtNtB5_5query9get_items9get_items65GetItemsPageMediaRecommendationsEdgesNodeMediaRecommendationTitleNtB5_10TitleTrait6romaji
FNDA:0,_RNvXs2_Csisdq3kjCNxn_7anilistNtNtNtNtB5_5query9get_items9get_items65GetItemsPageMediaRecommendationsEdgesNodeMediaRecommendationTitleNtB5_10TitleTrait7english
FNDA:0,_RNvXs3_Csisdq3kjCNxn_7anilistNtNtNtNtB5_5query12search_items12search_items25SearchItemsPageMediaTitleNtB5_10TitleTrait6native
FNDA:0,_RNvXs3_Csisdq3kjCNxn_7anilistNtNtNtNtB5_5query12search_items12search_items25SearchItemsPageMediaTitleNtB5_10TitleTrait6romaji
FNDA:0,_RNvXs3_Csisdq3kjCNxn_7anilistNtNtNtNtB5_5query12search_items12search_items25SearchItemsPageMediaTitleNtB5_10TitleTrait7english
FNDA:0,_RNvXs4_Csisdq3kjCNxn_7anilistNtNtNtNtB5_5query12search_items12search_items68SearchItemsPageMediaRecommendationsEdgesNodeMediaRecommendationTitleNtB5_10TitleTrait6native
FNDA:0,_RNvXs4_Csisdq3kjCNxn_7anilistNtNtNtNtB5_5query12search_items12search_items68SearchItemsPageMediaRecommendationsEdgesNodeMediaRecommendationTitleNtB5_10TitleTrait6romaji
FNDA:0,_RNvXs4_Csisdq3kjCNxn_7anilistNtNtNtNtB5_5query12search_items12search_items68SearchItemsPageMediaRecommendationsEdgesNodeMediaRecommendationTitleNtB5_10TitleTrait7english
FNDA:0,_RNvXs5_Csisdq3kjCNxn_7anilistNtNtNtNtB5_5query20search_items_by_type20search_items_by_type31SearchItemsByTypePageMediaTitleNtB5_10TitleTrait6native
FNDA:0,_RNvXs5_Csisdq3kjCNxn_7anilistNtNtNtNtB5_5query20search_items_by_type20search_items_by_type31SearchItemsByTypePageMediaTitleNtB5_10TitleTrait6romaji
FNDA:0,_RNvXs5_Csisdq3kjCNxn_7anilistNtNtNtNtB5_5query20search_items_by_type20search_items_by_type31SearchItemsByTypePageMediaTitleNtB5_10TitleTrait7english
FNDA:0,_RNvXs6_Csisdq3kjCNxn_7anilistNtNtNtNtB5_5query20search_items_by_type20search_items_by_type74SearchItemsByTypePageMediaRecommendationsEdgesNodeMediaRecommendationTitleNtB5_10TitleTrait6native
FNDA:0,_RNvXs6_Csisdq3kjCNxn_7anilistNtNtNtNtB5_5query20search_items_by_type20search_items_by_type74SearchItemsByTypePageMediaRecommendationsEdgesNodeMediaRecommendationTitleNtB5_10TitleTrait6romaji
FNDA:0,_RNvXs6_Csisdq3kjCNxn_7anilistNtNtNtNtB5_5query20search_items_by_type20search_items_by_type74SearchItemsByTypePageMediaRecommendationsEdgesNodeMediaRecommendationTitleNtB5_10TitleTrait7english
FNDA:0,_RNvXs7_Csisdq3kjCNxn_7anilistNtNtNtNtB5_5query9get_items9get_items27GetItemsPageMediaCoverImageNtB5_15CoverImageTrait11extra_large
FNDA:0,_RNvXs7_Csisdq3kjCNxn_7anilistNtNtNtNtB5_5query9get_items9get_items27GetItemsPageMediaCoverImageNtB5_15CoverImageTrait5color
FNDA:0,_RNvXs7_Csisdq3kjCNxn_7anilistNtNtNtNtB5_5query9get_items9get_items27GetItemsPageMediaCoverImageNtB5_15CoverImageTrait5large
FNDA:0,_RNvXs7_Csisdq3kjCNxn_7anilistNtNtNtNtB5_5query9get_items9get_items27GetItemsPageMediaCoverImageNtB5_15CoverImageTrait6medium
FNDA:0,_RNvXs8_Csisdq3kjCNxn_7anilistNtNtNtNtB5_5query9get_items9get_items70GetItemsPageMediaRecommendationsEdgesNodeMediaRecommendationCoverImageNtB5_15CoverImageTrait11extra_large
FNDA:0,_RNvXs8_Csisdq3kjCNxn_7anilistNtNtNtNtB5_5query9get_items9get_items70GetItemsPageMediaRecommendationsEdgesNodeMediaRecommendationCoverImageNtB5_15CoverImageTrait5color
FNDA:0,_RNvXs8_Csisdq3kjCNxn_7anilistNtNtNtNtB5_5query9get_items9get_items70GetItemsPageMediaRecommendationsEdgesNodeMediaRecommendationCoverImageNtB5_15CoverImageTrait5large
FNDA:0,_RNvXs8_Csisdq3kjCNxn_7anilistNtNtNtNtB5_5query9get_items9get_items70GetItemsPageMediaRecommendationsEdgesNodeMediaRecommendationCoverImageNtB5_15CoverImageTrait6medium
FNDA:0,_RNvXs9_Csisdq3kjCNxn_7anilistNtNtNtNtB5_5query12search_items12search_items30SearchItemsPageMediaCoverImageNtB5_15CoverImageTrait11extra_large
FNDA:0,_RNvXs9_Csisdq3kjCNxn_7anilistNtNtNtNtB5_5query12search_items12search_items30SearchItemsPageMediaCoverImageNtB5_15CoverImageTrait5color
FNDA:0,_RNvXs9_Csisdq3kjCNxn_7anilistNtNtNtNtB5_5query12search_items12search_items30SearchItemsPageMediaCoverImageNtB5_15CoverImageTrait5large
FNDA:0,_RNvXs9_Csisdq3kjCNxn_7anilistNtNtNtNtB5_5query12search_items12search_items30SearchItemsPageMediaCoverImageNtB5_15CoverImageTrait6medium
FNDA:0,_RNvXs_Csisdq3kjCNxn_7anilistNtNtNtNtB4_5query12search_items12search_items39SearchItemsPageMediaAiringScheduleNodesNtB4_19AiringScheduleTrait2id
FNDA:0,_RNvXs_Csisdq3kjCNxn_7anilistNtNtNtNtB4_5query12search_items12search_items39SearchItemsPageMediaAiringScheduleNodesNtB4_19AiringScheduleTrait7episode
FNDA:0,_RNvXs_Csisdq3kjCNxn_7anilistNtNtNtNtB4_5query12search_items12search_items39SearchItemsPageMediaAiringScheduleNodesNtB4_19AiringScheduleTrait9airing_at
FNDA:0,_RNvXsa_Csisdq3kjCNxn_7anilistNtNtNtNtB5_5query12search_items12search_items73SearchItemsPageMediaRecommendationsEdgesNodeMediaRecommendationCoverImageNtB5_15CoverImageTrait11extra_large
FNDA:0,_RNvXsa_Csisdq3kjCNxn_7anilistNtNtNtNtB5_5query12search_items12search_items73SearchItemsPageMediaRecommendationsEdgesNodeMediaRecommendationCoverImageNtB5_15CoverImageTrait5color
FNDA:0,_RNvXsa_Csisdq3kjCNxn_7anilistNtNtNtNtB5_5query12search_items12search_items73SearchItemsPageMediaRecommendationsEdgesNodeMediaRecommendationCoverImageNtB5_15CoverImageTrait5large
FNDA:0,_RNvXsa_Csisdq3kjCNxn_7anilistNtNtNtNtB5_5query12search_items12search_items73SearchItemsPageMediaRecommendationsEdgesNodeMediaRecommendationCoverImageNtB5_15CoverImageTrait6medium
FNDA:0,_RNvXsb_Csisdq3kjCNxn_7anilistNtNtNtNtB5_5query20search_items_by_type20search_items_by_type36SearchItemsByTypePageMediaCoverImageNtB5_15CoverImageTrait11extra_large
FNDA:0,_RNvXsb_Csisdq3kjCNxn_7anilistNtNtNtNtB5_5query20search_items_by_type20search_items_by_type36SearchItemsByTypePageMediaCoverImageNtB5_15CoverImageTrait5color
FNDA:0,_RNvXsb_Csisdq3kjCNxn_7anilistNtNtNtNtB5_5query20search_items_by_type20search_items_by_type36SearchItemsByTypePageMediaCoverImageNtB5_15CoverImageTrait5large
FNDA:0,_RNvXsb_Csisdq3kjCNxn_7anilistNtNtNtNtB5_5query20search_items_by_type20search_items_by_type36SearchItemsByTypePageMediaCoverImageNtB5_15CoverImageTrait6medium
FNDA:0,_RNvXsc_Csisdq3kjCNxn_7anilistNtNtNtNtB5_5query20search_items_by_type20search_items_by_type79SearchItemsByTypePageMediaRecommendationsEdgesNodeMediaRecommendationCoverImageNtB5_15CoverImageTrait11extra_large
FNDA:0,_RNvXsc_Csisdq3kjCNxn_7anilistNtNtNtNtB5_5query20search_items_by_type20search_items_by_type79SearchItemsByTypePageMediaRecommendationsEdgesNodeMediaRecommendationCoverImageNtB5_15CoverImageTrait5color
FNDA:0,_RNvXsc_Csisdq3kjCNxn_7anilistNtNtNtNtB5_5query20search_items_by_type20search_items_by_type79SearchItemsByTypePageMediaRecommendationsEdgesNodeMediaRecommendationCoverImageNtB5_15CoverImageTrait5large
FNDA:0,_RNvXsc_Csisdq3kjCNxn_7anilistNtNtNtNtB5_5query20search_items_by_type20search_items_by_type79SearchItemsByTypePageMediaRecommendationsEdgesNodeMediaRecommendationCoverImageNtB5_15CoverImageTrait6medium
FNDA:0,_RNvXsd_Csisdq3kjCNxn_7anilistNtNtNtNtB5_5query9get_items9get_items60GetItemsPageMediaRecommendationsEdgesNodeMediaRecommendationNtB5_24RecommendationMediaTrait11cover_image
FNDA:0,_RNvXsd_Csisdq3kjCNxn_7anilistNtNtNtNtB5_5query9get_items9get_items60GetItemsPageMediaRecommendationsEdgesNodeMediaRecommendationNtB5_24RecommendationMediaTrait2id
FNDA:0,_RNvXsd_Csisdq3kjCNxn_7anilistNtNtNtNtB5_5query9get_items9get_items60GetItemsPageMediaRecommendationsEdgesNodeMediaRecommendationNtB5_24RecommendationMediaTrait5title
FNDA:0,_RNvXsd_Csisdq3kjCNxn_7anilistNtNtNtNtB5_5query9get_items9get_items60GetItemsPageMediaRecommendationsEdgesNodeMediaRecommendationNtB5_24RecommendationMediaTrait6id_mal
FNDA:0,_RNvXse_Csisdq3kjCNxn_7anilistNtNtNtNtB5_5query12search_items12search_items63SearchItemsPageMediaRecommendationsEdgesNodeMediaRecommendationNtB5_24RecommendationMediaTrait11cover_image
FNDA:0,_RNvXse_Csisdq3kjCNxn_7anilistNtNtNtNtB5_5query12search_items12search_items63SearchItemsPageMediaRecommendationsEdgesNodeMediaRecommendationNtB5_24RecommendationMediaTrait2id
FNDA:0,_RNvXse_Csisdq3kjCNxn_7anilistNtNtNtNtB5_5query12search_items12search_items63SearchItemsPageMediaRecommendationsEdgesNodeMediaRecommendationNtB5_24RecommendationMediaTrait5title
FNDA:0,_RNvXse_Csisdq3kjCNxn_7anilistNtNtNtNtB5_5query12search_items12search_items63SearchItemsPageMediaRecommendationsEdgesNodeMediaRecommendationNtB5_24RecommendationMediaTrait6id_mal
FNDA:0,_RNvXsf_Csisdq3kjCNxn_7anilistNtNtNtNtB5_5query20search_items_by_type20search_items_by_type69SearchItemsByTypePageMediaRecommendationsEdgesNodeMediaRecommendationNtB5_24RecommendationMediaTrait11cover_image
FNDA:0,_RNvXsf_Csisdq3kjCNxn_7anilistNtNtNtNtB5_5query20search_items_by_type20search_items_by_type69SearchItemsByTypePageMediaRecommendationsEdgesNodeMediaRecommendationNtB5_24RecommendationMediaTrait2id
FNDA:0,_RNvXsf_Csisdq3kjCNxn_7anilistNtNtNtNtB5_5query20search_items_by_type20search_items_by_type69SearchItemsByTypePageMediaRecommendationsEdgesNodeMediaRecommendationNtB5_24RecommendationMediaTrait5title
FNDA:0,_RNvXsf_Csisdq3kjCNxn_7anilistNtNtNtNtB5_5query20search_items_by_type20search_items_by_type69SearchItemsByTypePageMediaRecommendationsEdgesNodeMediaRecommendationNtB5_24RecommendationMediaTrait6id_mal
FNDA:0,_RNvXsg_Csisdq3kjCNxn_7anilistNtNtNtNtB5_5query9get_items9get_items41GetItemsPageMediaRecommendationsEdgesNodeNtB5_19RecommendationTrait5media
FNDA:0,_RNvXsg_Csisdq3kjCNxn_7anilistNtNtNtNtB5_5query9get_items9get_items41GetItemsPageMediaRecommendationsEdgesNodeNtB5_19RecommendationTrait6rating
FNDA:0,_RNvXsh_Csisdq3kjCNxn_7anilistNtNtNtNtB5_5query12search_items12search_items44SearchItemsPageMediaRecommendationsEdgesNodeNtB5_19RecommendationTrait5media
FNDA:0,_RNvXsh_Csisdq3kjCNxn_7anilistNtNtNtNtB5_5query12search_items12search_items44SearchItemsPageMediaRecommendationsEdgesNodeNtB5_19RecommendationTrait6rating
FNDA:0,_RNvXsi_Csisdq3kjCNxn_7anilistNtNtNtNtB5_5query20search_items_by_type20search_items_by_type50SearchItemsByTypePageMediaRecommendationsEdgesNodeNtB5_19RecommendationTrait5media
FNDA:0,_RNvXsi_Csisdq3kjCNxn_7anilistNtNtNtNtB5_5query20search_items_by_type20search_items_by_type50SearchItemsByTypePageMediaRecommendationsEdgesNodeNtB5_19RecommendationTrait6rating
FNDA:0,_RNvXsj_Csisdq3kjCNxn_7anilistNtNtNtNtB5_5query9get_items9get_items17GetItemsPageMediaNtB5_10MediaTrait10media_type
FNDA:0,_RNvXsj_Csisdq3kjCNxn_7anilistNtNtNtNtB5_5query9get_items9get_items17GetItemsPageMediaNtB5_10MediaTrait11cover_image
FNDA:0,_RNvXsj_Csisdq3kjCNxn_7anilistNtNtNtNtB5_5query9get_items9get_items17GetItemsPageMediaNtB5_10MediaTrait12banner_image
FNDA:0,_RNvXsj_Csisdq3kjCNxn_7anilistNtNtNtNtB5_5query9get_items9get_items17GetItemsPageMediaNtB5_10MediaTrait15airing_schedule
FNDA:0,_RNvXsj_Csisdq3kjCNxn_7anilistNtNtNtNtB5_5query9get_items9get_items17GetItemsPageMediaNtB5_10MediaTrait15recommendations
FNDA:0,_RNvXsj_Csisdq3kjCNxn_7anilistNtNtNtNtB5_5query9get_items9get_items17GetItemsPageMediaNtB5_10MediaTrait16episode_duration
FNDA:0,_RNvXsj_Csisdq3kjCNxn_7anilistNtNtNtNtB5_5query9get_items9get_items17GetItemsPageMediaNtB5_10MediaTrait2id
FNDA:0,_RNvXsj_Csisdq3kjCNxn_7anilistNtNtNtNtB5_5query9get_items9get_items17GetItemsPageMediaNtB5_10MediaTrait5title
FNDA:0,_RNvXsj_Csisdq3kjCNxn_7anilistNtNtNtNtB5_5query9get_items9get_items17GetItemsPageMediaNtB5_10MediaTrait6id_mal
FNDA:0,_RNvXsk_Csisdq3kjCNxn_7anilistNtNtNtNtB5_5query12search_items12search_items20SearchItemsPageMediaNtB5_10MediaTrait10media_type
FNDA:0,_RNvXsk_Csisdq3kjCNxn_7anilistNtNtNtNtB5_5query12search_items12search_items20SearchItemsPageMediaNtB5_10MediaTrait11cover_image
FNDA:0,_RNvXsk_Csisdq3kjCNxn_7anilistNtNtNtNtB5_5query12search_items12search_items20SearchItemsPageMediaNtB5_10MediaTrait12banner_image
FNDA:0,_RNvXsk_Csisdq3kjCNxn_7anilistNtNtNtNtB5_5query12search_items12search_items20SearchItemsPageMediaNtB5_10MediaTrait15airing_schedule
FNDA:0,_RNvXsk_Csisdq3kjCNxn_7anilistNtNtNtNtB5_5query12search_items12search_items20SearchItemsPageMediaNtB5_10MediaTrait15recommendations
FNDA:0,_RNvXsk_Csisdq3kjCNxn_7anilistNtNtNtNtB5_5query12search_items12search_items20SearchItemsPageMediaNtB5_10MediaTrait16episode_duration
FNDA:0,_RNvXsk_Csisdq3kjCNxn_7anilistNtNtNtNtB5_5query12search_items12search_items20SearchItemsPageMediaNtB5_10MediaTrait2id
FNDA:0,_RNvXsk_Csisdq3kjCNxn_7anilistNtNtNtNtB5_5query12search_items12search_items20SearchItemsPageMediaNtB5_10MediaTrait5title
FNDA:0,_RNvXsk_Csisdq3kjCNxn_7anilistNtNtNtNtB5_5query12search_items12search_items20SearchItemsPageMediaNtB5_10MediaTrait6id_mal
FNDA:0,_RNvXsl_Csisdq3kjCNxn_7anilistNtNtNtNtB5_5query20search_items_by_type20search_items_by_type26SearchItemsByTypePageMediaNtB5_10MediaTrait10media_type
FNDA:0,_RNvXsl_Csisdq3kjCNxn_7anilistNtNtNtNtB5_5query20search_items_by_type20search_items_by_type26SearchItemsByTypePageMediaNtB5_10MediaTrait11cover_image
FNDA:0,_RNvXsl_Csisdq3kjCNxn_7anilistNtNtNtNtB5_5query20search_items_by_type20search_items_by_type26SearchItemsByTypePageMediaNtB5_10MediaTrait12banner_image
FNDA:0,_RNvXsl_Csisdq3kjCNxn_7anilistNtNtNtNtB5_5query20search_items_by_type20search_items_by_type26SearchItemsByTypePageMediaNtB5_10MediaTrait15airing_schedule
FNDA:0,_RNvXsl_Csisdq3kjCNxn_7anilistNtNtNtNtB5_5query20search_items_by_type20search_items_by_type26SearchItemsByTypePageMediaNtB5_10MediaTrait15recommendations
FNDA:0,_RNvXsl_Csisdq3kjCNxn_7anilistNtNtNtNtB5_5query20search_items_by_type20search_items_by_type26SearchItemsByTypePageMediaNtB5_10MediaTrait16episode_duration
FNDA:0,_RNvXsl_Csisdq3kjCNxn_7anilistNtNtNtNtB5_5query20search_items_by_type20search_items_by_type26SearchItemsByTypePageMediaNtB5_10MediaTrait2id
FNDA:0,_RNvXsl_Csisdq3kjCNxn_7anilistNtNtNtNtB5_5query20search_items_by_type20search_items_by_type26SearchItemsByTypePageMediaNtB5_10MediaTrait5title
FNDA:0,_RNvXsl_Csisdq3kjCNxn_7anilistNtNtNtNtB5_5query20search_items_by_type20search_items_by_type26SearchItemsByTypePageMediaNtB5_10MediaTrait6id_mal
FNDA:0,_RNvXsm_Csisdq3kjCNxn_7anilistNtNtNtNtB5_5query9get_items9get_items12ResponseDataNtB5_17ResponseItemTrait5media
FNDA:0,_RNvXsn_Csisdq3kjCNxn_7anilistNtNtNtNtB5_5query12search_items12search_items12ResponseDataNtB5_17ResponseItemTrait5media
FNDA:0,_RNvXso_Csisdq3kjCNxn_7anilistNtNtNtNtB5_5query20search_items_by_type20search_items_by_type12ResponseDataNtB5_17ResponseItemTrait5media
FNDA:0,_RNvXs3_Cs4UleOyWhosd_7anilistNtNtNtNtB5_5query12search_items12search_items25SearchItemsPageMediaTitleNtB5_10TitleTrait6native
FNDA:0,_RNvXs3_Cs4UleOyWhosd_7anilistNtNtNtNtB5_5query12search_items12search_items25SearchItemsPageMediaTitleNtB5_10TitleTrait6romaji
FNDA:0,_RNvXs3_Cs4UleOyWhosd_7anilistNtNtNtNtB5_5query12search_items12search_items25SearchItemsPageMediaTitleNtB5_10TitleTrait7english
FNDA:0,_RNvXs4_Cs4UleOyWhosd_7anilistNtNtNtNtB5_5query12search_items12search_items68SearchItemsPageMediaRecommendationsEdgesNodeMediaRecommendationTitleNtB5_10TitleTrait6native
FNDA:0,_RNvXs4_Cs4UleOyWhosd_7anilistNtNtNtNtB5_5query12search_items12search_items68SearchItemsPageMediaRecommendationsEdgesNodeMediaRecommendationTitleNtB5_10TitleTrait6romaji
FNDA:0,_RNvXs4_Cs4UleOyWhosd_7anilistNtNtNtNtB5_5query12search_items12search_items68SearchItemsPageMediaRecommendationsEdgesNodeMediaRecommendationTitleNtB5_10TitleTrait7english
FNDA:0,_RNvXs9_Cs4UleOyWhosd_7anilistNtNtNtNtB5_5query12search_items12search_items30SearchItemsPageMediaCoverImageNtB5_15CoverImageTrait11extra_large
FNDA:0,_RNvXs9_Cs4UleOyWhosd_7anilistNtNtNtNtB5_5query12search_items12search_items30SearchItemsPageMediaCoverImageNtB5_15CoverImageTrait5color
FNDA:0,_RNvXs9_Cs4UleOyWhosd_7anilistNtNtNtNtB5_5query12search_items12search_items30SearchItemsPageMediaCoverImageNtB5_15CoverImageTrait5large
FNDA:0,_RNvXs9_Cs4UleOyWhosd_7anilistNtNtNtNtB5_5query12search_items12search_items30SearchItemsPageMediaCoverImageNtB5_15CoverImageTrait6medium
FNDA:0,_RNvXs_Cs4UleOyWhosd_7anilistNtNtNtNtB4_5query12search_items12search_items39SearchItemsPageMediaAiringScheduleNodesNtB4_19AiringScheduleTrait2id
FNDA:0,_RNvXs_Cs4UleOyWhosd_7anilistNtNtNtNtB4_5query12search_items12search_items39SearchItemsPageMediaAiringScheduleNodesNtB4_19AiringScheduleTrait7episode
FNDA:0,_RNvXs_Cs4UleOyWhosd_7anilistNtNtNtNtB4_5query12search_items12search_items39SearchItemsPageMediaAiringScheduleNodesNtB4_19AiringScheduleTrait9airing_at
FNDA:0,_RNvXsa_Cs4UleOyWhosd_7anilistNtNtNtNtB5_5query12search_items12search_items73SearchItemsPageMediaRecommendationsEdgesNodeMediaRecommendationCoverImageNtB5_15CoverImageTrait11extra_large
FNDA:0,_RNvXsa_Cs4UleOyWhosd_7anilistNtNtNtNtB5_5query12search_items12search_items73SearchItemsPageMediaRecommendationsEdgesNodeMediaRecommendationCoverImageNtB5_15CoverImageTrait5color
FNDA:0,_RNvXsa_Cs4UleOyWhosd_7anilistNtNtNtNtB5_5query12search_items12search_items73SearchItemsPageMediaRecommendationsEdgesNodeMediaRecommendationCoverImageNtB5_15CoverImageTrait5large
FNDA:0,_RNvXsa_Cs4UleOyWhosd_7anilistNtNtNtNtB5_5query12search_items12search_items73SearchItemsPageMediaRecommendationsEdgesNodeMediaRecommendationCoverImageNtB5_15CoverImageTrait6medium
FNDA:0,_RNvXse_Cs4UleOyWhosd_7anilistNtNtNtNtB5_5query12search_items12search_items63SearchItemsPageMediaRecommendationsEdgesNodeMediaRecommendationNtB5_24RecommendationMediaTrait11cover_image
FNDA:0,_RNvXse_Cs4UleOyWhosd_7anilistNtNtNtNtB5_5query12search_items12search_items63SearchItemsPageMediaRecommendationsEdgesNodeMediaRecommendationNtB5_24RecommendationMediaTrait2id
FNDA:0,_RNvXse_Cs4UleOyWhosd_7anilistNtNtNtNtB5_5query12search_items12search_items63SearchItemsPageMediaRecommendationsEdgesNodeMediaRecommendationNtB5_24RecommendationMediaTrait5title
FNDA:0,_RNvXse_Cs4UleOyWhosd_7anilistNtNtNtNtB5_5query12search_items12search_items63SearchItemsPageMediaRecommendationsEdgesNodeMediaRecommendationNtB5_24RecommendationMediaTrait6id_mal
FNDA:0,_RNvXsh_Cs4UleOyWhosd_7anilistNtNtNtNtB5_5query12search_items12search_items44SearchItemsPageMediaRecommendationsEdgesNodeNtB5_19RecommendationTrait5media
FNDA:0,_RNvXsh_Cs4UleOyWhosd_7anilistNtNtNtNtB5_5query12search_items12search_items44SearchItemsPageMediaRecommendationsEdgesNodeNtB5_19RecommendationTrait6rating
FNDA:0,_RNvXsk_Cs4UleOyWhosd_7anilistNtNtNtNtB5_5query12search_items12search_items20SearchItemsPageMediaNtB5_10MediaTrait10media_type
FNDA:0,_RNvXsk_Cs4UleOyWhosd_7anilistNtNtNtNtB5_5query12search_items12search_items20SearchItemsPageMediaNtB5_10MediaTrait11cover_image
FNDA:0,_RNvXsk_Cs4UleOyWhosd_7anilistNtNtNtNtB5_5query12search_items12search_items20SearchItemsPageMediaNtB5_10MediaTrait12banner_image
FNDA:0,_RNvXsk_Cs4UleOyWhosd_7anilistNtNtNtNtB5_5query12search_items12search_items20SearchItemsPageMediaNtB5_10MediaTrait15airing_schedule
FNDA:0,_RNvXsk_Cs4UleOyWhosd_7anilistNtNtNtNtB5_5query12search_items12search_items20SearchItemsPageMediaNtB5_10MediaTrait15recommendations
FNDA:0,_RNvXsk_Cs4UleOyWhosd_7anilistNtNtNtNtB5_5query12search_items12search_items20SearchItemsPageMediaNtB5_10MediaTrait16episode_duration
FNDA:0,_RNvXsk_Cs4UleOyWhosd_7anilistNtNtNtNtB5_5query12search_items12search_items20SearchItemsPageMediaNtB5_10MediaTrait2id
FNDA:0,_RNvXsk_Cs4UleOyWhosd_7anilistNtNtNtNtB5_5query12search_items12search_items20SearchItemsPageMediaNtB5_10MediaTrait5title
FNDA:0,_RNvXsk_Cs4UleOyWhosd_7anilistNtNtNtNtB5_5query12search_items12search_items20SearchItemsPageMediaNtB5_10MediaTrait6id_mal
FNDA:0,_RNvXsn_Cs4UleOyWhosd_7anilistNtNtNtNtB5_5query12search_items12search_items12ResponseDataNtB5_17ResponseItemTrait5media
FNDA:0,_RNvXs0_Cs4UleOyWhosd_7anilistNtNtNtNtB5_5query20search_items_by_type20search_items_by_type45SearchItemsByTypePageMediaAiringScheduleNodesNtB5_19AiringScheduleTrait2id
FNDA:0,_RNvXs0_Cs4UleOyWhosd_7anilistNtNtNtNtB5_5query20search_items_by_type20search_items_by_type45SearchItemsByTypePageMediaAiringScheduleNodesNtB5_19AiringScheduleTrait7episode
FNDA:0,_RNvXs0_Cs4UleOyWhosd_7anilistNtNtNtNtB5_5query20search_items_by_type20search_items_by_type45SearchItemsByTypePageMediaAiringScheduleNodesNtB5_19AiringScheduleTrait9airing_at
FNDA:0,_RNvXs5_Cs4UleOyWhosd_7anilistNtNtNtNtB5_5query20search_items_by_type20search_items_by_type31SearchItemsByTypePageMediaTitleNtB5_10TitleTrait6native
FNDA:0,_RNvXs5_Cs4UleOyWhosd_7anilistNtNtNtNtB5_5query20search_items_by_type20search_items_by_type31SearchItemsByTypePageMediaTitleNtB5_10TitleTrait6romaji
FNDA:0,_RNvXs5_Cs4UleOyWhosd_7anilistNtNtNtNtB5_5query20search_items_by_type20search_items_by_type31SearchItemsByTypePageMediaTitleNtB5_10TitleTrait7english
FNDA:0,_RNvXs6_Cs4UleOyWhosd_7anilistNtNtNtNtB5_5query20search_items_by_type20search_items_by_type74SearchItemsByTypePageMediaRecommendationsEdgesNodeMediaRecommendationTitleNtB5_10TitleTrait6native
FNDA:0,_RNvXs6_Cs4UleOyWhosd_7anilistNtNtNtNtB5_5query20search_items_by_type20search_items_by_type74SearchItemsByTypePageMediaRecommendationsEdgesNodeMediaRecommendationTitleNtB5_10TitleTrait6romaji
FNDA:0,_RNvXs6_Cs4UleOyWhosd_7anilistNtNtNtNtB5_5query20search_items_by_type20search_items_by_type74SearchItemsByTypePageMediaRecommendationsEdgesNodeMediaRecommendationTitleNtB5_10TitleTrait7english
FNDA:0,_RNvXsb_Cs4UleOyWhosd_7anilistNtNtNtNtB5_5query20search_items_by_type20search_items_by_type36SearchItemsByTypePageMediaCoverImageNtB5_15CoverImageTrait11extra_large
FNDA:0,_RNvXsb_Cs4UleOyWhosd_7anilistNtNtNtNtB5_5query20search_items_by_type20search_items_by_type36SearchItemsByTypePageMediaCoverImageNtB5_15CoverImageTrait5color
FNDA:0,_RNvXsb_Cs4UleOyWhosd_7anilistNtNtNtNtB5_5query20search_items_by_type20search_items_by_type36SearchItemsByTypePageMediaCoverImageNtB5_15CoverImageTrait5large
FNDA:0,_RNvXsb_Cs4UleOyWhosd_7anilistNtNtNtNtB5_5query20search_items_by_type20search_items_by_type36SearchItemsByTypePageMediaCoverImageNtB5_15CoverImageTrait6medium
FNDA:0,_RNvXsc_Cs4UleOyWhosd_7anilistNtNtNtNtB5_5query20search_items_by_type20search_items_by_type79SearchItemsByTypePageMediaRecommendationsEdgesNodeMediaRecommendationCoverImageNtB5_15CoverImageTrait11extra_large
FNDA:0,_RNvXsc_Cs4UleOyWhosd_7anilistNtNtNtNtB5_5query20search_items_by_type20search_items_by_type79SearchItemsByTypePageMediaRecommendationsEdgesNodeMediaRecommendationCoverImageNtB5_15CoverImageTrait5color
FNDA:0,_RNvXsc_Cs4UleOyWhosd_7anilistNtNtNtNtB5_5query20search_items_by_type20search_items_by_type79SearchItemsByTypePageMediaRecommendationsEdgesNodeMediaRecommendationCoverImageNtB5_15CoverImageTrait5large
FNDA:0,_RNvXsc_Cs4UleOyWhosd_7anilistNtNtNtNtB5_5query20search_items_by_type20search_items_by_type79SearchItemsByTypePageMediaRecommendationsEdgesNodeMediaRecommendationCoverImageNtB5_15CoverImageTrait6medium
FNDA:0,_RNvXsf_Cs4UleOyWhosd_7anilistNtNtNtNtB5_5query20search_items_by_type20search_items_by_type69SearchItemsByTypePageMediaRecommendationsEdgesNodeMediaRecommendationNtB5_24RecommendationMediaTrait11cover_image
FNDA:0,_RNvXsf_Cs4UleOyWhosd_7anilistNtNtNtNtB5_5query20search_items_by_type20search_items_by_type69SearchItemsByTypePageMediaRecommendationsEdgesNodeMediaRecommendationNtB5_24RecommendationMediaTrait2id
FNDA:0,_RNvXsf_Cs4UleOyWhosd_7anilistNtNtNtNtB5_5query20search_items_by_type20search_items_by_type69SearchItemsByTypePageMediaRecommendationsEdgesNodeMediaRecommendationNtB5_24RecommendationMediaTrait5title
FNDA:0,_RNvXsf_Cs4UleOyWhosd_7anilistNtNtNtNtB5_5query20search_items_by_type20search_items_by_type69SearchItemsByTypePageMediaRecommendationsEdgesNodeMediaRecommendationNtB5_24RecommendationMediaTrait6id_mal
FNDA:0,_RNvXsi_Cs4UleOyWhosd_7anilistNtNtNtNtB5_5query20search_items_by_type20search_items_by_type50SearchItemsByTypePageMediaRecommendationsEdgesNodeNtB5_19RecommendationTrait5media
FNDA:0,_RNvXsi_Cs4UleOyWhosd_7anilistNtNtNtNtB5_5query20search_items_by_type20search_items_by_type50SearchItemsByTypePageMediaRecommendationsEdgesNodeNtB5_19RecommendationTrait6rating
FNDA:0,_RNvXsl_Cs4UleOyWhosd_7anilistNtNtNtNtB5_5query20search_items_by_type20search_items_by_type26SearchItemsByTypePageMediaNtB5_10MediaTrait10media_type
FNDA:0,_RNvXsl_Cs4UleOyWhosd_7anilistNtNtNtNtB5_5query20search_items_by_type20search_items_by_type26SearchItemsByTypePageMediaNtB5_10MediaTrait11cover_image
FNDA:0,_RNvXsl_Cs4UleOyWhosd_7anilistNtNtNtNtB5_5query20search_items_by_type20search_items_by_type26SearchItemsByTypePageMediaNtB5_10MediaTrait12banner_image
FNDA:0,_RNvXsl_Cs4UleOyWhosd_7anilistNtNtNtNtB5_5query20search_items_by_type20search_items_by_type26SearchItemsByTypePageMediaNtB5_10MediaTrait15airing_schedule
FNDA:0,_RNvXsl_Cs4UleOyWhosd_7anilistNtNtNtNtB5_5query20search_items_by_type20search_items_by_type26SearchItemsByTypePageMediaNtB5_10MediaTrait15recommendations
FNDA:0,_RNvXsl_Cs4UleOyWhosd_7anilistNtNtNtNtB5_5query20search_items_by_type20search_items_by_type26SearchItemsByTypePageMediaNtB5_10MediaTrait16episode_duration
FNDA:0,_RNvXsl_Cs4UleOyWhosd_7anilistNtNtNtNtB5_5query20search_items_by_type20search_items_by_type26SearchItemsByTypePageMediaNtB5_10MediaTrait2id
FNDA:0,_RNvXsl_Cs4UleOyWhosd_7anilistNtNtNtNtB5_5query20search_items_by_type20search_items_by_type26SearchItemsByTypePageMediaNtB5_10MediaTrait5title
FNDA:0,_RNvXsl_Cs4UleOyWhosd_7anilistNtNtNtNtB5_5query20search_items_by_type20search_items_by_type26SearchItemsByTypePageMediaNtB5_10MediaTrait6id_mal
FNDA:0,_RNvXso_Cs4UleOyWhosd_7anilistNtNtNtNtB5_5query20search_items_by_type20search_items_by_type12ResponseDataNtB5_17ResponseItemTrait5media
FNDA:0,_RNvXCs4UleOyWhosd_7anilistNtNtNtNtB2_5query9get_items9get_items36GetItemsPageMediaAiringScheduleNodesNtB2_19AiringScheduleTrait2id
FNDA:0,_RNvXCs4UleOyWhosd_7anilistNtNtNtNtB2_5query9get_items9get_items36GetItemsPageMediaAiringScheduleNodesNtB2_19AiringScheduleTrait7episode
FNDA:0,_RNvXCs4UleOyWhosd_7anilistNtNtNtNtB2_5query9get_items9get_items36GetItemsPageMediaAiringScheduleNodesNtB2_19AiringScheduleTrait9airing_at
FNDA:2,_RNvXs1_Cs4UleOyWhosd_7anilistNtNtNtNtB5_5query9get_items9get_items22GetItemsPageMediaTitleNtB5_10TitleTrait6native
FNDA:2,_RNvXs1_Cs4UleOyWhosd_7anilistNtNtNtNtB5_5query9get_items9get_items22GetItemsPageMediaTitleNtB5_10TitleTrait6romaji
FNDA:2,_RNvXs1_Cs4UleOyWhosd_7anilistNtNtNtNtB5_5query9get_items9get_items22GetItemsPageMediaTitleNtB5_10TitleTrait7english
FNDA:5,_RNvXs2_Cs4UleOyWhosd_7anilistNtNtNtNtB5_5query9get_items9get_items65GetItemsPageMediaRecommendationsEdgesNodeMediaRecommendationTitleNtB5_10TitleTrait6native
FNDA:5,_RNvXs2_Cs4UleOyWhosd_7anilistNtNtNtNtB5_5query9get_items9get_items65GetItemsPageMediaRecommendationsEdgesNodeMediaRecommendationTitleNtB5_10TitleTrait6romaji
FNDA:5,_RNvXs2_Cs4UleOyWhosd_7anilistNtNtNtNtB5_5query9get_items9get_items65GetItemsPageMediaRecommendationsEdgesNodeMediaRecommendationTitleNtB5_10TitleTrait7english
FNDA:2,_RNvXs7_Cs4UleOyWhosd_7anilistNtNtNtNtB5_5query9get_items9get_items27GetItemsPageMediaCoverImageNtB5_15CoverImageTrait11extra_large
FNDA:2,_RNvXs7_Cs4UleOyWhosd_7anilistNtNtNtNtB5_5query9get_items9get_items27GetItemsPageMediaCoverImageNtB5_15CoverImageTrait5color
FNDA:2,_RNvXs7_Cs4UleOyWhosd_7anilistNtNtNtNtB5_5query9get_items9get_items27GetItemsPageMediaCoverImageNtB5_15CoverImageTrait5large
FNDA:2,_RNvXs7_Cs4UleOyWhosd_7anilistNtNtNtNtB5_5query9get_items9get_items27GetItemsPageMediaCoverImageNtB5_15CoverImageTrait6medium
FNDA:5,_RNvXs8_Cs4UleOyWhosd_7anilistNtNtNtNtB5_5query9get_items9get_items70GetItemsPageMediaRecommendationsEdgesNodeMediaRecommendationCoverImageNtB5_15CoverImageTrait11extra_large
FNDA:5,_RNvXs8_Cs4UleOyWhosd_7anilistNtNtNtNtB5_5query9get_items9get_items70GetItemsPageMediaRecommendationsEdgesNodeMediaRecommendationCoverImageNtB5_15CoverImageTrait5color
FNDA:5,_RNvXs8_Cs4UleOyWhosd_7anilistNtNtNtNtB5_5query9get_items9get_items70GetItemsPageMediaRecommendationsEdgesNodeMediaRecommendationCoverImageNtB5_15CoverImageTrait5large
FNDA:5,_RNvXs8_Cs4UleOyWhosd_7anilistNtNtNtNtB5_5query9get_items9get_items70GetItemsPageMediaRecommendationsEdgesNodeMediaRecommendationCoverImageNtB5_15CoverImageTrait6medium
FNDA:5,_RNvXsd_Cs4UleOyWhosd_7anilistNtNtNtNtB5_5query9get_items9get_items60GetItemsPageMediaRecommendationsEdgesNodeMediaRecommendationNtB5_24RecommendationMediaTrait11cover_image
FNDA:5,_RNvXsd_Cs4UleOyWhosd_7anilistNtNtNtNtB5_5query9get_items9get_items60GetItemsPageMediaRecommendationsEdgesNodeMediaRecommendationNtB5_24RecommendationMediaTrait2id
FNDA:5,_RNvXsd_Cs4UleOyWhosd_7anilistNtNtNtNtB5_5query9get_items9get_items60GetItemsPageMediaRecommendationsEdgesNodeMediaRecommendationNtB5_24RecommendationMediaTrait5title
[...]
FNDA:3,_RNCNvNtNtNtCs8RMytf1CWGY_6server8services13sharing_authz5tests9make_paid0B9_
FNDA:1,_RNCNvNtNtNtCs8RMytf1CWGY_6server8services13sharing_authz5testss_21paid_owner_can_invite0B9_
FNDA:1,_RNCNvNtNtNtCs8RMytf1CWGY_6server8services13sharing_authz5testss_22outsider_cannot_invite0B9_
FNDA:1,_RNCNvNtNtNtCs8RMytf1CWGY_6server8services13sharing_authz5testss_24free_owner_cannot_invite0B9_
FNDA:1,_RNCNvNtNtNtCs8RMytf1CWGY_6server8services13sharing_authz5testss_27outsider_cannot_item_mutate0B9_
FNDA:1,_RNCNvNtNtNtCs8RMytf1CWGY_6server8services13sharing_authz5testss_32owner_and_editor_can_item_mutate0B9_
FNDA:1,_RNCNvNtNtNtCs8RMytf1CWGY_6server8services13sharing_authz5testss_35editor_cannot_invite_even_when_paid0B9_
FNDA:1,_RNCNvNtNtNtCs8RMytf1CWGY_6server8services13sharing_authz5testss_35suspended_editor_cannot_item_mutate0B9_
FNDA:1,_RNCNvNtNtNtCs8RMytf1CWGY_6server8services13sharing_authz5testss_40owner_can_meta_mutate_and_manage_editors0B9_
FNDA:1,_RNCNvNtNtNtCs8RMytf1CWGY_6server8services13sharing_authz5testss_43editor_cannot_meta_mutate_or_manage_editors0B9_
FNF:31
FNH:31
DA:54,19
DA:55,19
DA:56,19
DA:57,19
DA:58,19
DA:59,19
DA:69,6
DA:70,6
DA:71,6
DA:72,6
DA:73,6
DA:74,6
DA:75,6
DA:76,6
DA:78,5
DA:79,2
DA:80,3
DA:81,3
DA:82,1
DA:83,2
DA:84,2
DA:87,1
DA:88,1
DA:90,0
DA:94,0
DA:95,0
DA:96,0
DA:97,0
DA:98,0
DA:101,0
DA:103,0
DA:104,0
DA:105,0
DA:106,0
DA:110,6
DA:118,13
DA:119,13
DA:120,13
DA:121,13
DA:122,13
DA:123,13
DA:124,13
DA:125,13
DA:127,4
DA:128,1
DA:129,3
DA:130,3
DA:132,1
DA:133,2
DA:134,2
DA:137,5
DA:138,3
DA:140,2
DA:144,4
DA:145,2
DA:146,2
DA:147,1
DA:148,2
DA:151,1
DA:153,1
DA:154,1
DA:155,1
DA:156,1
DA:160,13
DA:172,15
DA:173,15
DA:174,15
DA:175,15
DA:176,15
DA:177,15
DA:178,15
DA:179,15
DA:180,15
DA:181,15
DA:183,15
DA:185,9
DA:186,9
DA:187,9
DA:188,9
DA:189,9
DA:190,9
DA:191,9
DA:192,9
DA:193,9
DA:194,9
DA:195,9
DA:196,9
DA:197,9
DA:198,9
DA:199,9
DA:200,9
DA:201,9
DA:202,9
DA:203,9
DA:204,9
DA:208,3
DA:209,3
DA:210,3
DA:211,3
DA:212,3
DA:213,3
DA:214,3
DA:215,3
DA:216,3
DA:217,3
DA:218,3
DA:219,3
DA:220,3
DA:221,3
DA:222,3
DA:223,3
DA:224,3
DA:225,3
DA:227,6
DA:228,6
DA:229,6
DA:231,1
DA:232,1
DA:234,1
DA:235,1
DA:237,1
DA:238,1
DA:240,0
DA:242,1
DA:245,1
DA:246,1
DA:247,1
DA:248,1
DA:250,1
DA:251,1
DA:252,1
DA:253,1
DA:254,1
DA:255,1
DA:257,1
DA:258,1
DA:261,1
DA:262,1
DA:263,1
DA:264,1
DA:265,1
DA:266,1
DA:267,1
DA:268,1
DA:270,1
DA:271,1
DA:273,1
DA:274,1
DA:277,1
DA:278,1
DA:281,1
DA:282,1
DA:283,1
DA:284,1
DA:285,1
DA:286,1
DA:287,1
DA:288,1
DA:290,1
DA:291,1
DA:292,1
DA:293,1
DA:294,1
DA:295,1
DA:297,1
DA:298,1
DA:301,1
DA:302,1
DA:303,1
DA:304,1
DA:305,1
DA:307,1
DA:308,1
DA:311,1
DA:312,1
DA:315,1
DA:316,1
DA:317,1
DA:318,1
DA:319,1
DA:320,1
DA:321,1
DA:322,1
DA:324,1
DA:325,1
DA:326,1
DA:328,1
DA:329,1
DA:332,1
DA:333,1
DA:336,1
DA:337,1
DA:338,1
DA:339,1
DA:341,1
DA:342,1
DA:345,1
DA:346,1
DA:349,1
DA:350,1
DA:351,1
DA:352,1
DA:353,1
DA:355,1
DA:356,1
DA:357,1
DA:359,1
DA:360,1
DA:363,1
DA:366,1
DA:367,1
DA:368,1
DA:369,1
DA:370,1
DA:371,1
DA:372,1
DA:373,1
DA:375,1
DA:376,1
DA:379,1
DA:380,1
DA:383,1
DA:384,1
DA:385,1
DA:386,1
DA:387,1
DA:388,1
DA:390,1
DA:391,1
DA:394,1
DA:395,1
BRF:0
BRH:0
LF:254
LH:242
end_of_record
SF:G:\rustDev\anime-calendar\server\src\services\show_count.rs
FN:56,_RNCNvMNtNtCsjmL1xzJoyai_6server8services10show_countNtB4_16ShowCountService19user_already_tracks0B8_
FN:22,_RNCNvMNtNtCsjmL1xzJoyai_6server8services10show_countNtB4_16ShowCountService23count_distinct_for_user0B8_
FN:89,_RNCNvMNtNtCsjmL1xzJoyai_6server8services10show_countNtB4_16ShowCountService24count_calendars_for_user0B8_
FN:69,_RNCNvMNtNtCsjmL1xzJoyai_6server8services10show_countNtB4_16ShowCountService25user_already_tracks_in_tx0B8_
FN:36,_RNCNvMNtNtCsjmL1xzJoyai_6server8services10show_countNtB4_16ShowCountService29count_distinct_for_user_in_tx0B8_
FN:101,_RNCNvMNtNtCsjmL1xzJoyai_6server8services10show_countNtB4_16ShowCountService30count_calendars_for_user_in_tx0B8_
FN:56,_RNvMNtNtCsjmL1xzJoyai_6server8services10show_countNtB2_16ShowCountService19user_already_tracks
FN:22,_RNvMNtNtCsjmL1xzJoyai_6server8services10show_countNtB2_16ShowCountService23count_distinct_for_user
FN:89,_RNvMNtNtCsjmL1xzJoyai_6server8services10show_countNtB2_16ShowCountService24count_calendars_for_user
FN:65,_RNvMNtNtCsjmL1xzJoyai_6server8services10show_countNtB2_16ShowCountService25user_already_tracks_in_tx
FN:33,_RNvMNtNtCsjmL1xzJoyai_6server8services10show_countNtB2_16ShowCountService29count_distinct_for_user_in_tx
FN:98,_RNvMNtNtCsjmL1xzJoyai_6server8services10show_countNtB2_16ShowCountService30count_calendars_for_user_in_tx
FN:12,_RNvMNtNtCsjmL1xzJoyai_6server8services10show_countNtB2_16ShowCountService3new
FN:129,_RNCNvNtNtNtCs8RMytf1CWGY_6server8services10show_count5tests15insert_calendar0B9_
FN:119,_RNCNvNtNtNtCs8RMytf1CWGY_6server8services10show_count5tests16create_test_user0B9_
FN:141,_RNCNvNtNtNtCs8RMytf1CWGY_6server8services10show_count5tests7cleanup0B9_
FN:162,_RNCNvNtNtNtCs8RMytf1CWGY_6server8services10show_count5testss_34count_distinct_excludes_duplicates0B9_
FN:174,_RNCNvNtNtNtCs8RMytf1CWGY_6server8services10show_count5testss_35count_distinct_excludes_other_users0B9_
FN:213,_RNCNvNtNtNtCs8RMytf1CWGY_6server8services10show_count5testss_41count_distinct_in_tx_matches_pool_variant0B9_
FN:252,_RNCNvNtNtNtCs8RMytf1CWGY_6server8services10show_count5testss_42count_calendars_in_tx_matches_pool_variant0B9_
FN:268,_RNCNvNtNtNtCs8RMytf1CWGY_6server8services10show_count5testss_46count_calendars_for_user_excludes_soft_deleted0B9_
FN:187,_RNCNvNtNtNtCs8RMytf1CWGY_6server8services10show_count5testss_46count_distinct_excludes_soft_deleted_calendars0B9_
FN:233,_RNCNvNtNtNtCs8RMytf1CWGY_6server8services10show_count5testss_46user_already_tracks_in_tx_matches_pool_variant0B9_
FN:202,_RNCNvNtNtNtCs8RMytf1CWGY_6server8services10show_count5testss_49user_already_tracks_returns_true_for_any_calendar0B9_
FN:56,_RNCNvMNtNtCs8RMytf1CWGY_6server8services10show_countNtB4_16ShowCountService19user_already_tracks0B8_
FN:22,_RNCNvMNtNtCs8RMytf1CWGY_6server8services10show_countNtB4_16ShowCountService23count_distinct_for_user0B8_
FN:89,_RNCNvMNtNtCs8RMytf1CWGY_6server8services10show_countNtB4_16ShowCountService24count_calendars_for_user0B8_
FN:69,_RNCNvMNtNtCs8RMytf1CWGY_6server8services10show_countNtB4_16ShowCountService25user_already_tracks_in_tx0B8_
FN:36,_RNCNvMNtNtCs8RMytf1CWGY_6server8services10show_countNtB4_16ShowCountService29count_distinct_for_user_in_tx0B8_
FN:101,_RNCNvMNtNtCs8RMytf1CWGY_6server8services10show_countNtB4_16ShowCountService30count_calendars_for_user_in_tx0B8_
FN:56,_RNvMNtNtCs8RMytf1CWGY_6server8services10show_countNtB2_16ShowCountService19user_already_tracks
FN:22,_RNvMNtNtCs8RMytf1CWGY_6server8services10show_countNtB2_16ShowCountService23count_distinct_for_user
FN:89,_RNvMNtNtCs8RMytf1CWGY_6server8services10show_countNtB2_16ShowCountService24count_calendars_for_user
FN:65,_RNvMNtNtCs8RMytf1CWGY_6server8services10show_countNtB2_16ShowCountService25user_already_tracks_in_tx
FN:33,_RNvMNtNtCs8RMytf1CWGY_6server8services10show_countNtB2_16ShowCountService29count_distinct_for_user_in_tx
FN:98,_RNvMNtNtCs8RMytf1CWGY_6server8services10show_countNtB2_16ShowCountService30count_calendars_for_user_in_tx
FN:12,_RNvMNtNtCs8RMytf1CWGY_6server8services10show_countNtB2_16ShowCountService3new
FN:129,_RNvNtNtNtCs8RMytf1CWGY_6server8services10show_count5tests15insert_calendar
FN:119,_RNvNtNtNtCs8RMytf1CWGY_6server8services10show_count5tests16create_test_user
FN:141,_RNvNtNtNtCs8RMytf1CWGY_6server8services10show_count5tests7cleanup
FN:162,_RNvNtNtNtCs8RMytf1CWGY_6server8services10show_count5testss_34count_distinct_excludes_duplicates
FN:174,_RNvNtNtNtCs8RMytf1CWGY_6server8services10show_count5testss_35count_distinct_excludes_other_users
FN:213,_RNvNtNtNtCs8RMytf1CWGY_6server8services10show_count5testss_41count_distinct_in_tx_matches_pool_variant
FN:252,_RNvNtNtNtCs8RMytf1CWGY_6server8services10show_count5testss_42count_calendars_in_tx_matches_pool_variant
FN:268,_RNvNtNtNtCs8RMytf1CWGY_6server8services10show_count5testss_46count_calendars_for_user_excludes_soft_deleted
FN:187,_RNvNtNtNtCs8RMytf1CWGY_6server8services10show_count5testss_46count_distinct_excludes_soft_deleted_calendars
FN:233,_RNvNtNtNtCs8RMytf1CWGY_6server8services10show_count5testss_46user_already_tracks_in_tx_matches_pool_variant
FN:202,_RNvNtNtNtCs8RMytf1CWGY_6server8services10show_count5testss_49user_already_tracks_returns_true_for_any_calendar
FNDA:0,_RNCNvMNtNtCsjmL1xzJoyai_6server8services10show_countNtB4_16ShowCountService19user_already_tracks0B8_
FNDA:0,_RNCNvMNtNtCsjmL1xzJoyai_6server8services10show_countNtB4_16ShowCountService23count_distinct_for_user0B8_
FNDA:0,_RNCNvMNtNtCsjmL1xzJoyai_6server8services10show_countNtB4_16ShowCountService24count_calendars_for_user0B8_
FNDA:0,_RNCNvMNtNtCsjmL1xzJoyai_6server8services10show_countNtB4_16ShowCountService25user_already_tracks_in_tx0B8_
FNDA:0,_RNCNvMNtNtCsjmL1xzJoyai_6server8services10show_countNtB4_16ShowCountService29count_distinct_for_user_in_tx0B8_
FNDA:0,_RNCNvMNtNtCsjmL1xzJoyai_6server8services10show_countNtB4_16ShowCountService30count_calendars_for_user_in_tx0B8_
FNDA:0,_RNvMNtNtCsjmL1xzJoyai_6server8services10show_countNtB2_16ShowCountService19user_already_tracks
FNDA:0,_RNvMNtNtCsjmL1xzJoyai_6server8services10show_countNtB2_16ShowCountService23count_distinct_for_user
FNDA:0,_RNvMNtNtCsjmL1xzJoyai_6server8services10show_countNtB2_16ShowCountService24count_calendars_for_user
FNDA:0,_RNvMNtNtCsjmL1xzJoyai_6server8services10show_countNtB2_16ShowCountService25user_already_tracks_in_tx
FNDA:0,_RNvMNtNtCsjmL1xzJoyai_6server8services10show_countNtB2_16ShowCountService29count_distinct_for_user_in_tx
FNDA:0,_RNvMNtNtCsjmL1xzJoyai_6server8services10show_countNtB2_16ShowCountService30count_calendars_for_user_in_tx
FNDA:0,_RNvMNtNtCsjmL1xzJoyai_6server8services10show_countNtB2_16ShowCountService3new
FNDA:13,_RNCNvNtNtNtCs8RMytf1CWGY_6server8services10show_count5tests15insert_calendar0B9_
FNDA:9,_RNCNvNtNtNtCs8RMytf1CWGY_6server8services10show_count5tests16create_test_user0B9_
FNDA:9,_RNCNvNtNtNtCs8RMytf1CWGY_6server8services10show_count5tests7cleanup0B9_
FNDA:1,_RNCNvNtNtNtCs8RMytf1CWGY_6server8services10show_count5testss_34count_distinct_excludes_duplicates0B9_
FNDA:1,_RNCNvNtNtNtCs8RMytf1CWGY_6server8services10show_count5testss_35count_distinct_excludes_other_users0B9_
FNDA:1,_RNCNvNtNtNtCs8RMytf1CWGY_6server8services10show_count5testss_41count_distinct_in_tx_matches_pool_variant0B9_
FNDA:1,_RNCNvNtNtNtCs8RMytf1CWGY_6server8services10show_count5testss_42count_calendars_in_tx_matches_pool_variant0B9_
FNDA:1,_RNCNvNtNtNtCs8RMytf1CWGY_6server8services10show_count5testss_46count_calendars_for_user_excludes_soft_deleted0B9_
FNDA:1,_RNCNvNtNtNtCs8RMytf1CWGY_6server8services10show_count5testss_46count_distinct_excludes_soft_deleted_calendars0B9_
FNDA:1,_RNCNvNtNtNtCs8RMytf1CWGY_6server8services10show_count5testss_46user_already_tracks_in_tx_matches_pool_variant0B9_
FNDA:1,_RNCNvNtNtNtCs8RMytf1CWGY_6server8services10show_count5testss_49user_already_tracks_returns_true_for_any_calendar0B9_
FNDA:12,_RNCNvMNtNtCs8RMytf1CWGY_6server8services10show_countNtB4_16ShowCountService19user_already_tracks0B8_
FNDA:11,_RNCNvMNtNtCs8RMytf1CWGY_6server8services10show_countNtB4_16ShowCountService23count_distinct_for_user0B8_
FNDA:8,_RNCNvMNtNtCs8RMytf1CWGY_6server8services10show_countNtB4_16ShowCountService24count_calendars_for_user0B8_
FNDA:20,_RNCNvMNtNtCs8RMytf1CWGY_6server8services10show_countNtB4_16ShowCountService25user_already_tracks_in_tx0B8_
FNDA:14,_RNCNvMNtNtCs8RMytf1CWGY_6server8services10show_countNtB4_16ShowCountService29count_distinct_for_user_in_tx0B8_
FNDA:12,_RNCNvMNtNtCs8RMytf1CWGY_6server8services10show_countNtB4_16ShowCountService30count_calendars_for_user_in_tx0B8_
FNDA:12,_RNvMNtNtCs8RMytf1CWGY_6server8services10show_countNtB2_16ShowCountService19user_already_tracks
FNDA:11,_RNvMNtNtCs8RMytf1CWGY_6server8services10show_countNtB2_16ShowCountService23count_distinct_for_user
FNDA:8,_RNvMNtNtCs8RMytf1CWGY_6server8services10show_countNtB2_16ShowCountService24count_calendars_for_user
FNDA:20,_RNvMNtNtCs8RMytf1CWGY_6server8services10show_countNtB2_16ShowCountService25user_already_tracks_in_tx
FNDA:14,_RNvMNtNtCs8RMytf1CWGY_6server8services10show_countNtB2_16ShowCountService29count_distinct_for_user_in_tx
FNDA:12,_RNvMNtNtCs8RMytf1CWGY_6server8services10show_countNtB2_16ShowCountService30count_calendars_for_user_in_tx
FNDA:63,_RNvMNtNtCs8RMytf1CWGY_6server8services10show_countNtB2_16ShowCountService3new
FNDA:13,_RNvNtNtNtCs8RMytf1CWGY_6server8services10show_count5tests15insert_calendar
FNDA:9,_RNvNtNtNtCs8RMytf1CWGY_6server8services10show_count5tests16create_test_user
FNDA:9,_RNvNtNtNtCs8RMytf1CWGY_6server8services10show_count5tests7cleanup
FNDA:1,_RNvNtNtNtCs8RMytf1CWGY_6server8services10show_count5testss_34count_distinct_excludes_duplicates
FNDA:1,_RNvNtNtNtCs8RMytf1CWGY_6server8services10show_count5testss_35count_distinct_excludes_other_users
FNDA:1,_RNvNtNtNtCs8RMytf1CWGY_6server8services10show_count5testss_41count_distinct_in_tx_matches_pool_variant
FNDA:1,_RNvNtNtNtCs8RMytf1CWGY_6server8services10show_count5testss_42count_calendars_in_tx_matches_pool_variant
FNDA:1,_RNvNtNtNtCs8RMytf1CWGY_6server8services10show_count5testss_46count_calendars_for_user_excludes_soft_deleted
FNDA:1,_RNvNtNtNtCs8RMytf1CWGY_6server8services10show_count5testss_46count_distinct_excludes_soft_deleted_calendars
FNDA:1,_RNvNtNtNtCs8RMytf1CWGY_6server8services10show_count5testss_46user_already_tracks_in_tx_matches_pool_variant
FNDA:1,_RNvNtNtNtCs8RMytf1CWGY_6server8services10show_count5testss_49user_already_tracks_returns_true_for_any_calendar
FNF:35
FNH:35
DA:12,63
DA:13,63
DA:14,63
DA:22,11
DA:23,11
DA:24,11
DA:33,14
DA:34,14
DA:35,14
DA:36,14
DA:37,14
DA:45,14
DA:46,14
DA:47,14
DA:56,12
DA:57,12
DA:58,12
DA:65,20
DA:66,20
DA:67,20
DA:68,20
DA:69,20
DA:70,20
DA:81,20
DA:82,20
DA:83,20
DA:89,8
DA:90,8
DA:91,8
DA:98,12
DA:99,12
DA:100,12
DA:101,12
DA:102,12
DA:108,12
DA:109,12
DA:110,12
DA:119,9
DA:120,9
DA:121,9
DA:122,9
DA:123,9
DA:124,9
DA:125,9
DA:126,9
DA:127,9
DA:129,13
DA:130,13
DA:131,13
DA:132,13
DA:133,13
DA:134,13
DA:135,13
DA:136,13
DA:137,13
DA:138,13
DA:139,13
DA:141,9
DA:142,9
DA:143,9
DA:144,9
DA:145,9
DA:146,9
DA:147,9
DA:148,9
DA:149,9
DA:150,9
DA:151,9
DA:152,9
DA:153,9
DA:154,9
DA:155,9
DA:156,9
DA:157,9
DA:158,9
DA:159,9
DA:162,1
DA:163,1
DA:164,1
DA:165,1
DA:166,1
DA:167,1
DA:168,1
DA:169,1
DA:170,1
DA:171,1
DA:174,1
DA:175,1
DA:176,1
DA:177,1
DA:178,1
DA:179,1
DA:180,1
DA:181,1
DA:182,1
DA:183,1
DA:184,1
DA:187,1
DA:188,1
DA:189,1
DA:190,1
DA:191,1
DA:192,1
DA:193,1
DA:194,1
DA:195,1
DA:196,1
DA:197,1
DA:198,1
DA:199,1
DA:202,1
DA:203,1
DA:204,1
DA:205,1
DA:206,1
DA:207,1
DA:208,1
DA:209,1
DA:210,1
DA:213,1
DA:214,1
DA:215,1
DA:216,1
DA:217,1
DA:219,1
DA:220,1
DA:221,1
DA:222,1
DA:223,1
DA:224,1
DA:225,1
DA:226,1
DA:227,1
DA:229,1
DA:230,1
DA:233,1
DA:234,1
DA:235,1
DA:236,1
DA:238,1
DA:239,1
DA:240,1
DA:241,1
DA:242,1
DA:243,1
DA:244,1
DA:245,1
DA:246,1
DA:248,1
DA:249,1
DA:252,1
DA:253,1
DA:254,1
DA:255,1
DA:256,1
DA:258,1
DA:259,1
DA:260,1
DA:261,1
DA:262,1
DA:264,1
DA:265,1
DA:268,1
DA:269,1
DA:270,1
DA:271,1
DA:272,1
DA:273,1
DA:274,1
DA:275,1
DA:276,1
DA:277,1
DA:278,1
DA:279,1
DA:280,1
DA:281,1
DA:282,1
BRF:0
BRH:0
LF:202
LH:202
end_of_record
SF:G:\rustDev\anime-calendar\server\src\services\sse_connection_tracker.rs
FN:90,_RNvXs_NtNtCsjmL1xzJoyai_6server8services22sse_connection_trackerNtB4_18SseConnectionGuardNtNtNtCs8icZUrvfcq9_4core3ops4drop4Drop4drop
FN:49,_RNvMNtNtCsjmL1xzJoyai_6server8services22sse_connection_trackerNtB2_20SseConnectionTracker11try_acquire
FN:31,_RNvMNtNtCsjmL1xzJoyai_6server8services22sse_connection_trackerNtB2_20SseConnectionTracker3new
FN:143,_RNvNtNtNtCs8RMytf1CWGY_6server8services22sse_connection_tracker5testss_15cap_is_per_user
FN:131,_RNvNtNtNtCs8RMytf1CWGY_6server8services22sse_connection_tracker5testss_21drop_decrements_count
FN:113,_RNvNtNtNtCs8RMytf1CWGY_6server8services22sse_connection_tracker5testss_26acquire_succeeds_below_cap
FN:123,_RNvNtNtNtCs8RMytf1CWGY_6server8services22sse_connection_tracker5testss_27acquire_returns_none_at_cap
FN:151,_RNvNtNtNtCs8RMytf1CWGY_6server8services22sse_connection_tracker5testss_30re_acquire_after_drop_succeeds
FN:90,_RNvXs_NtNtCs8RMytf1CWGY_6server8services22sse_connection_trackerNtB4_18SseConnectionGuardNtNtNtCs8icZUrvfcq9_4core3ops4drop4Drop4drop
FN:49,_RNvMNtNtCs8RMytf1CWGY_6server8services22sse_connection_trackerNtB2_20SseConnectionTracker11try_acquire
FN:31,_RNvMNtNtCs8RMytf1CWGY_6server8services22sse_connection_trackerNtB2_20SseConnectionTracker3new
FN:73,_RNvMNtNtCs8RMytf1CWGY_6server8services22sse_connection_trackerNtB2_20SseConnectionTracker9count_for
FNDA:0,_RNvXs_NtNtCsjmL1xzJoyai_6server8services22sse_connection_trackerNtB4_18SseConnectionGuardNtNtNtCs8icZUrvfcq9_4core3ops4drop4Drop4drop
FNDA:0,_RNvMNtNtCsjmL1xzJoyai_6server8services22sse_connection_trackerNtB2_20SseConnectionTracker11try_acquire
FNDA:0,_RNvMNtNtCsjmL1xzJoyai_6server8services22sse_connection_trackerNtB2_20SseConnectionTracker3new
FNDA:1,_RNvNtNtNtCs8RMytf1CWGY_6server8services22sse_connection_tracker5testss_15cap_is_per_user
FNDA:1,_RNvNtNtNtCs8RMytf1CWGY_6server8services22sse_connection_tracker5testss_21drop_decrements_count
FNDA:1,_RNvNtNtNtCs8RMytf1CWGY_6server8services22sse_connection_tracker5testss_26acquire_succeeds_below_cap
FNDA:1,_RNvNtNtNtCs8RMytf1CWGY_6server8services22sse_connection_tracker5testss_27acquire_returns_none_at_cap
FNDA:1,_RNvNtNtNtCs8RMytf1CWGY_6server8services22sse_connection_tracker5testss_30re_acquire_after_drop_succeeds
FNDA:9,_RNvXs_NtNtCs8RMytf1CWGY_6server8services22sse_connection_trackerNtB4_18SseConnectionGuardNtNtNtCs8icZUrvfcq9_4core3ops4drop4Drop4drop
FNDA:10,_RNvMNtNtCs8RMytf1CWGY_6server8services22sse_connection_trackerNtB2_20SseConnectionTracker11try_acquire
FNDA:6,_RNvMNtNtCs8RMytf1CWGY_6server8services22sse_connection_trackerNtB2_20SseConnectionTracker3new
FNDA:6,_RNvMNtNtCs8RMytf1CWGY_6server8services22sse_connection_trackerNtB2_20SseConnectionTracker9count_for
FNF:9
FNH:9
DA:31,6
DA:32,6
DA:33,6
DA:34,6
DA:35,6
DA:36,6
DA:37,6
DA:38,6
DA:49,10
DA:50,10
DA:51,10
DA:52,10
DA:53,10
DA:54,10
DA:55,10
DA:56,10
DA:57,1
DA:58,9
DA:59,9
DA:60,9
DA:61,9
DA:62,9
DA:63,9
DA:64,9
DA:65,10
DA:73,6
DA:74,6
DA:75,6
DA:76,6
DA:77,6
DA:78,6
DA:79,6
DA:80,6
DA:81,6
DA:90,9
DA:91,9
DA:92,9
DA:93,0
DA:95,0
DA:96,0
DA:99,9
DA:100,9
DA:101,9
DA:102,7
DA:103,7
DA:104,0
DA:105,9
DA:113,1
DA:114,1
DA:115,1
DA:116,1
DA:117,1
DA:118,1
DA:119,1
DA:120,1
DA:123,1
DA:124,1
DA:125,1
DA:126,1
DA:127,1
DA:128,1
DA:131,1
DA:132,1
DA:133,1
DA:134,1
DA:135,1
DA:136,1
DA:137,1
DA:138,1
DA:139,1
DA:140,1
DA:143,1
DA:144,1
DA:145,1
DA:146,1
DA:147,1
DA:148,1
DA:151,1
DA:152,1
DA:153,1
DA:154,1
DA:155,1
DA:156,1
DA:157,1
DA:158,1
BRF:0
BRH:0
LF:85
LH:81
end_of_record
SF:G:\rustDev\anime-calendar\server\src\test_helpers.rs
FN:34,_RNvNtCs8RMytf1CWGY_6server12test_helpers18shared_snapshotter
FN:57,_RNvNtCs8RMytf1CWGY_6server12test_helpers7test_tx
FN:48,_RNvNtCs8RMytf1CWGY_6server12test_helpers9test_pool
FN:38,_RNCNvNtCs8RMytf1CWGY_6server12test_helpers18shared_snapshotter0B5_
FN:57,_RNCNvNtCs8RMytf1CWGY_6server12test_helpers7test_tx0B5_
FN:48,_RNCNvNtCs8RMytf1CWGY_6server12test_helpers9test_pool0B5_
FNDA:9,_RNvNtCs8RMytf1CWGY_6server12test_helpers18shared_snapshotter
FNDA:93,_RNvNtCs8RMytf1CWGY_6server12test_helpers7test_tx
FNDA:139,_RNvNtCs8RMytf1CWGY_6server12test_helpers9test_pool
FNDA:1,_RNCNvNtCs8RMytf1CWGY_6server12test_helpers18shared_snapshotter0B5_
FNDA:93,_RNCNvNtCs8RMytf1CWGY_6server12test_helpers7test_tx0B5_
FNDA:139,_RNCNvNtCs8RMytf1CWGY_6server12test_helpers9test_pool0B5_
FNF:6
FNH:6
DA:34,9
DA:38,9
DA:39,1
DA:40,1
DA:41,1
DA:42,1
DA:43,1
DA:44,9
DA:45,9
DA:48,139
DA:49,139
DA:50,139
DA:51,139
DA:52,139
DA:53,139
DA:54,139
DA:57,93
DA:58,93
DA:59,93
DA:60,93
DA:61,93
DA:62,93
DA:63,93
DA:64,93
DA:65,93
BRF:0
BRH:0
LF:28
LH:28
end_of_record